CRITICAL - 2021-11-22 12:10:49 --> syntax error, unexpected token "}", expecting "," or ";"
#0 C:\xampp\htdocs\proyek-web-horay-family\vendor\codeigniter4\framework\system\Router\Router.php(160): CodeIgniter\Router\Router->autoRoute('auth')
#1 C:\xampp\htdocs\proyek-web-horay-family\vendor\codeigniter4\framework\system\CodeIgniter.php(702): CodeIgniter\Router\Router->handle('auth')
#2 C:\xampp\htdocs\proyek-web-horay-family\vendor\codeigniter4\framework\system\CodeIgniter.php(358): CodeIgniter\CodeIgniter->tryToRouteIt(Object(CodeIgniter\Router\RouteCollection))
#3 C:\xampp\htdocs\proyek-web-horay-family\vendor\codeigniter4\framework\system\CodeIgniter.php(317): CodeIgniter\CodeIgniter->handleRequest(NULL, Object(Config\Cache), false)
#4 C:\xampp\htdocs\proyek-web-horay-family\public\index.php(37): CodeIgniter\CodeIgniter->run()
#5 C:\xampp\htdocs\proyek-web-horay-family\vendor\codeigniter4\framework\system\Commands\Server\rewrite.php(43): require_once('C:\\xampp\\htdocs...')
#6 {main}
CRITICAL - 2021-11-22 12:54:02 --> Undefined constant "assets"
#0 C:\xampp\htdocs\proyek-web-horay-family\vendor\codeigniter4\framework\system\View\View.php(214): include()
#1 C:\xampp\htdocs\proyek-web-horay-family\vendor\codeigniter4\framework\system\View\View.php(217): CodeIgniter\View\View->CodeIgniter\View\{closure}()
#2 C:\xampp\htdocs\proyek-web-horay-family\vendor\codeigniter4\framework\system\View\View.php(230): CodeIgniter\View\View->render('/baseLanding', Array, true)
#3 C:\xampp\htdocs\proyek-web-horay-family\vendor\codeigniter4\framework\system\Common.php(1092): CodeIgniter\View\View->render('pages/signUp', Array, true)
#4 C:\xampp\htdocs\proyek-web-horay-family\app\Controllers\Auth.php(27): view('pages/signUp', Array)
#5 C:\xampp\htdocs\proyek-web-horay-family\vendor\codeigniter4\framework\system\CodeIgniter.php(802): App\Controllers\Auth->save()
#6 C:\xampp\htdocs\proyek-web-horay-family\vendor\codeigniter4\framework\system\CodeIgniter.php(399): CodeIgniter\CodeIgniter->runController(Object(App\Controllers\Auth))
#7 C:\xampp\htdocs\proyek-web-horay-family\vendor\codeigniter4\framework\system\CodeIgniter.php(317): CodeIgniter\CodeIgniter->handleRequest(NULL, Object(Config\Cache), false)
#8 C:\xampp\htdocs\proyek-web-horay-family\public\index.php(37): CodeIgniter\CodeIgniter->run()
#9 C:\xampp\htdocs\proyek-web-horay-family\vendor\codeigniter4\framework\system\Commands\Server\rewrite.php(43): require_once('C:\\xampp\\htdocs...')
#10 {main}
CRITICAL - 2021-11-22 12:54:05 --> Undefined constant "assets"
#0 C:\xampp\htdocs\proyek-web-horay-family\vendor\codeigniter4\framework\system\View\View.php(214): include()
#1 C:\xampp\htdocs\proyek-web-horay-family\vendor\codeigniter4\framework\system\View\View.php(217): CodeIgniter\View\View->CodeIgniter\View\{closure}()
#2 C:\xampp\htdocs\proyek-web-horay-family\vendor\codeigniter4\framework\system\View\View.php(230): CodeIgniter\View\View->render('/baseLanding', Array, true)
#3 C:\xampp\htdocs\proyek-web-horay-family\vendor\codeigniter4\framework\system\Common.php(1092): CodeIgniter\View\View->render('pages/signUp', Array, true)
#4 C:\xampp\htdocs\proyek-web-horay-family\app\Controllers\Auth.php(15): view('pages/signUp')
#5 C:\xampp\htdocs\proyek-web-horay-family\vendor\codeigniter4\framework\system\CodeIgniter.php(802): App\Controllers\Auth->register()
#6 C:\xampp\htdocs\proyek-web-horay-family\vendor\codeigniter4\framework\system\CodeIgniter.php(399): CodeIgniter\CodeIgniter->runController(Object(App\Controllers\Auth))
#7 C:\xampp\htdocs\proyek-web-horay-family\vendor\codeigniter4\framework\system\CodeIgniter.php(317): CodeIgniter\CodeIgniter->handleRequest(NULL, Object(Config\Cache), false)
#8 C:\xampp\htdocs\proyek-web-horay-family\public\index.php(37): CodeIgniter\CodeIgniter->run()
#9 C:\xampp\htdocs\proyek-web-horay-family\vendor\codeigniter4\framework\system\Commands\Server\rewrite.php(43): require_once('C:\\xampp\\htdocs...')
#10 {main}
CRITICAL - 2021-11-22 12:54:07 --> Undefined constant "assets"
#0 C:\xampp\htdocs\proyek-web-horay-family\vendor\codeigniter4\framework\system\View\View.php(214): include()
#1 C:\xampp\htdocs\proyek-web-horay-family\vendor\codeigniter4\framework\system\View\View.php(217): CodeIgniter\View\View->CodeIgniter\View\{closure}()
#2 C:\xampp\htdocs\proyek-web-horay-family\vendor\codeigniter4\framework\system\View\View.php(230): CodeIgniter\View\View->render('/baseLanding', Array, true)
#3 C:\xampp\htdocs\proyek-web-horay-family\vendor\codeigniter4\framework\system\Common.php(1092): CodeIgniter\View\View->render('index', Array, true)
#4 C:\xampp\htdocs\proyek-web-horay-family\app\Controllers\Home.php(9): view('index')
#5 C:\xampp\htdocs\proyek-web-horay-family\vendor\codeigniter4\framework\system\CodeIgniter.php(802): App\Controllers\Home->index()
#6 C:\xampp\htdocs\proyek-web-horay-family\vendor\codeigniter4\framework\system\CodeIgniter.php(399): CodeIgniter\CodeIgniter->runController(Object(App\Controllers\Home))
#7 C:\xampp\htdocs\proyek-web-horay-family\vendor\codeigniter4\framework\system\CodeIgniter.php(317): CodeIgniter\CodeIgniter->handleRequest(NULL, Object(Config\Cache), false)
#8 C:\xampp\htdocs\proyek-web-horay-family\public\index.php(37): CodeIgniter\CodeIgniter->run()
#9 C:\xampp\htdocs\proyek-web-horay-family\vendor\codeigniter4\framework\system\Commands\Server\rewrite.php(43): require_once('C:\\xampp\\htdocs...')
#10 {main}
CRITICAL - 2021-11-22 12:57:43 --> Undefined variable $base_url
#0 C:\xampp\htdocs\proyek-web-horay-family\app\Views\pages\signUp.php(6): CodeIgniter\Debug\Exceptions->errorHandler(2, 'Undefined varia...', 'C:\\xampp\\htdocs...', 6)
#1 C:\xampp\htdocs\proyek-web-horay-family\vendor\codeigniter4\framework\system\View\View.php(214): include('C:\\xampp\\htdocs...')
#2 C:\xampp\htdocs\proyek-web-horay-family\vendor\codeigniter4\framework\system\View\View.php(217): CodeIgniter\View\View->CodeIgniter\View\{closure}()
#3 C:\xampp\htdocs\proyek-web-horay-family\vendor\codeigniter4\framework\system\Common.php(1092): CodeIgniter\View\View->render('pages/signUp', Array, true)
#4 C:\xampp\htdocs\proyek-web-horay-family\app\Controllers\Auth.php(15): view('pages/signUp')
#5 C:\xampp\htdocs\proyek-web-horay-family\vendor\codeigniter4\framework\system\CodeIgniter.php(802): App\Controllers\Auth->register()
#6 C:\xampp\htdocs\proyek-web-horay-family\vendor\codeigniter4\framework\system\CodeIgniter.php(399): CodeIgniter\CodeIgniter->runController(Object(App\Controllers\Auth))
#7 C:\xampp\htdocs\proyek-web-horay-family\vendor\codeigniter4\framework\system\CodeIgniter.php(317): CodeIgniter\CodeIgniter->handleRequest(NULL, Object(Config\Cache), false)
#8 C:\xampp\htdocs\proyek-web-horay-family\public\index.php(37): CodeIgniter\CodeIgniter->run()
#9 C:\xampp\htdocs\proyek-web-horay-family\vendor\codeigniter4\framework\system\Commands\Server\rewrite.php(43): require_once('C:\\xampp\\htdocs...')
#10 {main}
CRITICAL - 2021-11-22 13:14:50 --> Call to undefined function display_error()
#0 C:\xampp\htdocs\proyek-web-horay-family\vendor\codeigniter4\framework\system\View\View.php(214): include()
#1 C:\xampp\htdocs\proyek-web-horay-family\vendor\codeigniter4\framework\system\View\View.php(217): CodeIgniter\View\View->CodeIgniter\View\{closure}()
#2 C:\xampp\htdocs\proyek-web-horay-family\vendor\codeigniter4\framework\system\Common.php(1092): CodeIgniter\View\View->render('pages/signUp', Array, true)
#3 C:\xampp\htdocs\proyek-web-horay-family\app\Controllers\Auth.php(28): view('pages/signUp', Array)
#4 C:\xampp\htdocs\proyek-web-horay-family\vendor\codeigniter4\framework\system\CodeIgniter.php(802): App\Controllers\Auth->save()
#5 C:\xampp\htdocs\proyek-web-horay-family\vendor\codeigniter4\framework\system\CodeIgniter.php(399): CodeIgniter\CodeIgniter->runController(Object(App\Controllers\Auth))
#6 C:\xampp\htdocs\proyek-web-horay-family\vendor\codeigniter4\framework\system\CodeIgniter.php(317): CodeIgniter\CodeIgniter->handleRequest(NULL, Object(Config\Cache), false)
#7 C:\xampp\htdocs\proyek-web-horay-family\public\index.php(37): CodeIgniter\CodeIgniter->run()
#8 C:\xampp\htdocs\proyek-web-horay-family\vendor\codeigniter4\framework\system\Commands\Server\rewrite.php(43): require_once('C:\\xampp\\htdocs...')
#9 {main}
ERROR - 2021-11-22 13:22:19 --> Error connecting to the database: Unknown database 'job_vacancy'
CRITICAL - 2021-11-22 13:22:19 --> Unable to connect to the database.
Main connection [MySQLi]: Unknown database 'job_vacancy'
#0 C:\xampp\htdocs\proyek-web-horay-family\vendor\codeigniter4\framework\system\Database\BaseConnection.php(570): CodeIgniter\Database\BaseConnection->initialize()
#1 C:\xampp\htdocs\proyek-web-horay-family\vendor\codeigniter4\framework\system\Database\BaseBuilder.php(1428): CodeIgniter\Database\BaseConnection->query('SELECT 1\nFROM `...', Array, false)
#2 C:\xampp\htdocs\proyek-web-horay-family\vendor\codeigniter4\framework\system\Validation\Rules.php(161): CodeIgniter\Database\BaseBuilder->get()
#3 C:\xampp\htdocs\proyek-web-horay-family\vendor\codeigniter4\framework\system\Validation\Validation.php(277): CodeIgniter\Validation\Rules->is_unique('asdf@gmail.com', 'email', Array, NULL)
#4 C:\xampp\htdocs\proyek-web-horay-family\vendor\codeigniter4\framework\system\Validation\Validation.php(151): CodeIgniter\Validation\Validation->processRules('email', 'email', 'asdf@gmail.com', Array, Array)
#5 C:\xampp\htdocs\proyek-web-horay-family\vendor\codeigniter4\framework\system\Controller.php(160): CodeIgniter\Validation\Validation->run()
#6 C:\xampp\htdocs\proyek-web-horay-family\app\Controllers\Auth.php(25): CodeIgniter\Controller->validate(Array)
#7 C:\xampp\htdocs\proyek-web-horay-family\vendor\codeigniter4\framework\system\CodeIgniter.php(802): App\Controllers\Auth->save()
#8 C:\xampp\htdocs\proyek-web-horay-family\vendor\codeigniter4\framework\system\CodeIgniter.php(399): CodeIgniter\CodeIgniter->runController(Object(App\Controllers\Auth))
#9 C:\xampp\htdocs\proyek-web-horay-family\vendor\codeigniter4\framework\system\CodeIgniter.php(317): CodeIgniter\CodeIgniter->handleRequest(NULL, Object(Config\Cache), false)
#10 C:\xampp\htdocs\proyek-web-horay-family\public\index.php(37): CodeIgniter\CodeIgniter->run()
#11 C:\xampp\htdocs\proyek-web-horay-family\vendor\codeigniter4\framework\system\Commands\Server\rewrite.php(43): require_once('C:\\xampp\\htdocs...')
#12 {main}
ERROR - 2021-11-22 13:29:54 --> Table 'jobvacancy.job__seeker' doesn't exist
CRITICAL - 2021-11-22 13:29:54 --> Table 'jobvacancy.job__seeker' doesn't exist
#0 C:\xampp\htdocs\proyek-web-horay-family\vendor\codeigniter4\framework\system\Database\MySQLi\Connection.php(280): mysqli->query('INSERT INTO `jo...')
#1 C:\xampp\htdocs\proyek-web-horay-family\vendor\codeigniter4\framework\system\Database\BaseConnection.php(663): CodeIgniter\Database\MySQLi\Connection->execute('INSERT INTO `jo...')
#2 C:\xampp\htdocs\proyek-web-horay-family\vendor\codeigniter4\framework\system\Database\BaseConnection.php(591): CodeIgniter\Database\BaseConnection->simpleQuery('INSERT INTO `jo...')
#3 C:\xampp\htdocs\proyek-web-horay-family\vendor\codeigniter4\framework\system\Database\BaseBuilder.php(1733): CodeIgniter\Database\BaseConnection->query('INSERT INTO `jo...', Array, false)
#4 C:\xampp\htdocs\proyek-web-horay-family\vendor\codeigniter4\framework\system\Model.php(239): CodeIgniter\Database\BaseBuilder->insert()
#5 C:\xampp\htdocs\proyek-web-horay-family\vendor\codeigniter4\framework\system\BaseModel.php(738): CodeIgniter\Model->doInsert(Array)
#6 C:\xampp\htdocs\proyek-web-horay-family\vendor\codeigniter4\framework\system\Model.php(620): CodeIgniter\BaseModel->insert(Array, true)
#7 C:\xampp\htdocs\proyek-web-horay-family\app\Controllers\Auth.php(45): CodeIgniter\Model->insert(Array)
#8 C:\xampp\htdocs\proyek-web-horay-family\vendor\codeigniter4\framework\system\CodeIgniter.php(802): App\Controllers\Auth->save()
#9 C:\xampp\htdocs\proyek-web-horay-family\vendor\codeigniter4\framework\system\CodeIgniter.php(399): CodeIgniter\CodeIgniter->runController(Object(App\Controllers\Auth))
#10 C:\xampp\htdocs\proyek-web-horay-family\vendor\codeigniter4\framework\system\CodeIgniter.php(317): CodeIgniter\CodeIgniter->handleRequest(NULL, Object(Config\Cache), false)
#11 C:\xampp\htdocs\proyek-web-horay-family\public\index.php(37): CodeIgniter\CodeIgniter->run()
#12 C:\xampp\htdocs\proyek-web-horay-family\vendor\codeigniter4\framework\system\Commands\Server\rewrite.php(43): require_once('C:\\xampp\\htdocs...')
#13 {main}
CRITICAL - 2021-11-22 14:02:44 --> Undefined variable $set_value
#0 C:\xampp\htdocs\proyek-web-horay-family\app\Views\pages\loginPage.php(8): CodeIgniter\Debug\Exceptions->errorHandler(2, 'Undefined varia...', 'C:\\xampp\\htdocs...', 8)
#1 C:\xampp\htdocs\proyek-web-horay-family\vendor\codeigniter4\framework\system\View\View.php(214): include('C:\\xampp\\htdocs...')
#2 C:\xampp\htdocs\proyek-web-horay-family\vendor\codeigniter4\framework\system\View\View.php(217): CodeIgniter\View\View->CodeIgniter\View\{closure}()
#3 C:\xampp\htdocs\proyek-web-horay-family\vendor\codeigniter4\framework\system\Common.php(1092): CodeIgniter\View\View->render('pages/loginPage', Array, true)
#4 C:\xampp\htdocs\proyek-web-horay-family\app\Controllers\Auth.php(79): view('pages/loginPage', Array)
#5 C:\xampp\htdocs\proyek-web-horay-family\vendor\codeigniter4\framework\system\CodeIgniter.php(802): App\Controllers\Auth->check()
#6 C:\xampp\htdocs\proyek-web-horay-family\vendor\codeigniter4\framework\system\CodeIgniter.php(399): CodeIgniter\CodeIgniter->runController(Object(App\Controllers\Auth))
#7 C:\xampp\htdocs\proyek-web-horay-family\vendor\codeigniter4\framework\system\CodeIgniter.php(317): CodeIgniter\CodeIgniter->handleRequest(NULL, Object(Config\Cache), false)
#8 C:\xampp\htdocs\proyek-web-horay-family\public\index.php(37): CodeIgniter\CodeIgniter->run()
#9 C:\xampp\htdocs\proyek-web-horay-family\vendor\codeigniter4\framework\system\Commands\Server\rewrite.php(43): require_once('C:\\xampp\\htdocs...')
#10 {main}
CRITICAL - 2021-11-22 14:16:17 --> syntax error, unexpected token "}", expecting ";"
#0 C:\xampp\htdocs\proyek-web-horay-family\vendor\codeigniter4\framework\system\Router\Router.php(160): CodeIgniter\Router\Router->autoRoute('auth')
#1 C:\xampp\htdocs\proyek-web-horay-family\vendor\codeigniter4\framework\system\CodeIgniter.php(702): CodeIgniter\Router\Router->handle('auth')
#2 C:\xampp\htdocs\proyek-web-horay-family\vendor\codeigniter4\framework\system\CodeIgniter.php(358): CodeIgniter\CodeIgniter->tryToRouteIt(Object(CodeIgniter\Router\RouteCollection))
#3 C:\xampp\htdocs\proyek-web-horay-family\vendor\codeigniter4\framework\system\CodeIgniter.php(317): CodeIgniter\CodeIgniter->handleRequest(NULL, Object(Config\Cache), false)
#4 C:\xampp\htdocs\proyek-web-horay-family\public\index.php(37): CodeIgniter\CodeIgniter->run()
#5 C:\xampp\htdocs\proyek-web-horay-family\vendor\codeigniter4\framework\system\Commands\Server\rewrite.php(43): require_once('C:\\xampp\\htdocs...')
#6 {main}
ERROR - 2021-11-22 14:31:08 --> Unknown column 'job_seeker.id' in 'where clause'
CRITICAL - 2021-11-22 14:31:08 --> Unknown column 'job_seeker.id' in 'where clause'
#0 C:\xampp\htdocs\proyek-web-horay-family\vendor\codeigniter4\framework\system\Database\MySQLi\Connection.php(280): mysqli->query('SELECT *\nFROM `...')
#1 C:\xampp\htdocs\proyek-web-horay-family\vendor\codeigniter4\framework\system\Database\BaseConnection.php(663): CodeIgniter\Database\MySQLi\Connection->execute('SELECT *\nFROM `...')
#2 C:\xampp\htdocs\proyek-web-horay-family\vendor\codeigniter4\framework\system\Database\BaseConnection.php(591): CodeIgniter\Database\BaseConnection->simpleQuery('SELECT *\nFROM `...')
#3 C:\xampp\htdocs\proyek-web-horay-family\vendor\codeigniter4\framework\system\Database\BaseBuilder.php(1428): CodeIgniter\Database\BaseConnection->query('SELECT *\nFROM `...', Array, false)
#4 C:\xampp\htdocs\proyek-web-horay-family\vendor\codeigniter4\framework\system\Model.php(142): CodeIgniter\Database\BaseBuilder->get()
#5 C:\xampp\htdocs\proyek-web-horay-family\vendor\codeigniter4\framework\system\BaseModel.php(523): CodeIgniter\Model->doFind(true, '10')
#6 C:\xampp\htdocs\proyek-web-horay-family\app\Controllers\Page.php(25): CodeIgniter\BaseModel->find('10')
#7 C:\xampp\htdocs\proyek-web-horay-family\vendor\codeigniter4\framework\system\CodeIgniter.php(802): App\Controllers\Page->profile()
#8 C:\xampp\htdocs\proyek-web-horay-family\vendor\codeigniter4\framework\system\CodeIgniter.php(399): CodeIgniter\CodeIgniter->runController(Object(App\Controllers\Page))
#9 C:\xampp\htdocs\proyek-web-horay-family\vendor\codeigniter4\framework\system\CodeIgniter.php(317): CodeIgniter\CodeIgniter->handleRequest(NULL, Object(Config\Cache), false)
#10 C:\xampp\htdocs\proyek-web-horay-family\public\index.php(37): CodeIgniter\CodeIgniter->run()
#11 C:\xampp\htdocs\proyek-web-horay-family\vendor\codeigniter4\framework\system\Commands\Server\rewrite.php(43): require_once('C:\\xampp\\htdocs...')
#12 {main}
ERROR - 2021-11-22 14:32:30 --> Unknown column 'job_seeker.id' in 'where clause'
CRITICAL - 2021-11-22 14:32:30 --> Unknown column 'job_seeker.id' in 'where clause'
#0 C:\xampp\htdocs\proyek-web-horay-family\vendor\codeigniter4\framework\system\Database\MySQLi\Connection.php(280): mysqli->query('SELECT *\nFROM `...')
#1 C:\xampp\htdocs\proyek-web-horay-family\vendor\codeigniter4\framework\system\Database\BaseConnection.php(663): CodeIgniter\Database\MySQLi\Connection->execute('SELECT *\nFROM `...')
#2 C:\xampp\htdocs\proyek-web-horay-family\vendor\codeigniter4\framework\system\Database\BaseConnection.php(591): CodeIgniter\Database\BaseConnection->simpleQuery('SELECT *\nFROM `...')
#3 C:\xampp\htdocs\proyek-web-horay-family\vendor\codeigniter4\framework\system\Database\BaseBuilder.php(1428): CodeIgniter\Database\BaseConnection->query('SELECT *\nFROM `...', Array, false)
#4 C:\xampp\htdocs\proyek-web-horay-family\vendor\codeigniter4\framework\system\Model.php(142): CodeIgniter\Database\BaseBuilder->get()
#5 C:\xampp\htdocs\proyek-web-horay-family\vendor\codeigniter4\framework\system\BaseModel.php(523): CodeIgniter\Model->doFind(true, '10')
#6 C:\xampp\htdocs\proyek-web-horay-family\app\Controllers\Page.php(25): CodeIgniter\BaseModel->find('10')
#7 C:\xampp\htdocs\proyek-web-horay-family\vendor\codeigniter4\framework\system\CodeIgniter.php(802): App\Controllers\Page->profile()
#8 C:\xampp\htdocs\proyek-web-horay-family\vendor\codeigniter4\framework\system\CodeIgniter.php(399): CodeIgniter\CodeIgniter->runController(Object(App\Controllers\Page))
#9 C:\xampp\htdocs\proyek-web-horay-family\vendor\codeigniter4\framework\system\CodeIgniter.php(317): CodeIgniter\CodeIgniter->handleRequest(NULL, Object(Config\Cache), false)
#10 C:\xampp\htdocs\proyek-web-horay-family\public\index.php(37): CodeIgniter\CodeIgniter->run()
#11 C:\xampp\htdocs\proyek-web-horay-family\vendor\codeigniter4\framework\system\Commands\Server\rewrite.php(43): require_once('C:\\xampp\\htdocs...')
#12 {main}
ERROR - 2021-11-22 14:35:41 --> Unknown column 'job_seeker.id' in 'where clause'
CRITICAL - 2021-11-22 14:35:41 --> Unknown column 'job_seeker.id' in 'where clause'
#0 C:\xampp\htdocs\proyek-web-horay-family\vendor\codeigniter4\framework\system\Database\MySQLi\Connection.php(280): mysqli->query('SELECT *\nFROM `...')
#1 C:\xampp\htdocs\proyek-web-horay-family\vendor\codeigniter4\framework\system\Database\BaseConnection.php(663): CodeIgniter\Database\MySQLi\Connection->execute('SELECT *\nFROM `...')
#2 C:\xampp\htdocs\proyek-web-horay-family\vendor\codeigniter4\framework\system\Database\BaseConnection.php(591): CodeIgniter\Database\BaseConnection->simpleQuery('SELECT *\nFROM `...')
#3 C:\xampp\htdocs\proyek-web-horay-family\vendor\codeigniter4\framework\system\Database\BaseBuilder.php(1428): CodeIgniter\Database\BaseConnection->query('SELECT *\nFROM `...', Array, false)
#4 C:\xampp\htdocs\proyek-web-horay-family\vendor\codeigniter4\framework\system\Model.php(142): CodeIgniter\Database\BaseBuilder->get()
#5 C:\xampp\htdocs\proyek-web-horay-family\vendor\codeigniter4\framework\system\BaseModel.php(523): CodeIgniter\Model->doFind(true, 'id_jobseeker')
#6 C:\xampp\htdocs\proyek-web-horay-family\app\Controllers\Page.php(25): CodeIgniter\BaseModel->find('id_jobseeker', '10')
#7 C:\xampp\htdocs\proyek-web-horay-family\vendor\codeigniter4\framework\system\CodeIgniter.php(802): App\Controllers\Page->profile()
#8 C:\xampp\htdocs\proyek-web-horay-family\vendor\codeigniter4\framework\system\CodeIgniter.php(399): CodeIgniter\CodeIgniter->runController(Object(App\Controllers\Page))
#9 C:\xampp\htdocs\proyek-web-horay-family\vendor\codeigniter4\framework\system\CodeIgniter.php(317): CodeIgniter\CodeIgniter->handleRequest(NULL, Object(Config\Cache), false)
#10 C:\xampp\htdocs\proyek-web-horay-family\public\index.php(37): CodeIgniter\CodeIgniter->run()
#11 C:\xampp\htdocs\proyek-web-horay-family\vendor\codeigniter4\framework\system\Commands\Server\rewrite.php(43): require_once('C:\\xampp\\htdocs...')
#12 {main}
ERROR - 2021-11-22 14:35:56 --> Unknown column 'job_seeker.id' in 'where clause'
CRITICAL - 2021-11-22 14:35:56 --> Unknown column 'job_seeker.id' in 'where clause'
#0 C:\xampp\htdocs\proyek-web-horay-family\vendor\codeigniter4\framework\system\Database\MySQLi\Connection.php(280): mysqli->query('SELECT *\nFROM `...')
#1 C:\xampp\htdocs\proyek-web-horay-family\vendor\codeigniter4\framework\system\Database\BaseConnection.php(663): CodeIgniter\Database\MySQLi\Connection->execute('SELECT *\nFROM `...')
#2 C:\xampp\htdocs\proyek-web-horay-family\vendor\codeigniter4\framework\system\Database\BaseConnection.php(591): CodeIgniter\Database\BaseConnection->simpleQuery('SELECT *\nFROM `...')
#3 C:\xampp\htdocs\proyek-web-horay-family\vendor\codeigniter4\framework\system\Database\BaseBuilder.php(1428): CodeIgniter\Database\BaseConnection->query('SELECT *\nFROM `...', Array, false)
#4 C:\xampp\htdocs\proyek-web-horay-family\vendor\codeigniter4\framework\system\Model.php(142): CodeIgniter\Database\BaseBuilder->get()
#5 C:\xampp\htdocs\proyek-web-horay-family\vendor\codeigniter4\framework\system\BaseModel.php(523): CodeIgniter\Model->doFind(true, 'id_jobseeker')
#6 C:\xampp\htdocs\proyek-web-horay-family\app\Controllers\Page.php(25): CodeIgniter\BaseModel->find('id_jobseeker', '10')
#7 C:\xampp\htdocs\proyek-web-horay-family\vendor\codeigniter4\framework\system\CodeIgniter.php(802): App\Controllers\Page->profile()
#8 C:\xampp\htdocs\proyek-web-horay-family\vendor\codeigniter4\framework\system\CodeIgniter.php(399): CodeIgniter\CodeIgniter->runController(Object(App\Controllers\Page))
#9 C:\xampp\htdocs\proyek-web-horay-family\vendor\codeigniter4\framework\system\CodeIgniter.php(317): CodeIgniter\CodeIgniter->handleRequest(NULL, Object(Config\Cache), false)
#10 C:\xampp\htdocs\proyek-web-horay-family\public\index.php(37): CodeIgniter\CodeIgniter->run()
#11 C:\xampp\htdocs\proyek-web-horay-family\vendor\codeigniter4\framework\system\Commands\Server\rewrite.php(43): require_once('C:\\xampp\\htdocs...')
#12 {main}
CRITICAL - 2021-11-22 14:41:39 --> Undefined variable $userInfo
#0 C:\xampp\htdocs\proyek-web-horay-family\app\Views\pages\profile.php(131): CodeIgniter\Debug\Exceptions->errorHandler(2, 'Undefined varia...', 'C:\\xampp\\htdocs...', 131)
#1 C:\xampp\htdocs\proyek-web-horay-family\vendor\codeigniter4\framework\system\View\View.php(214): include('C:\\xampp\\htdocs...')
#2 C:\xampp\htdocs\proyek-web-horay-family\vendor\codeigniter4\framework\system\View\View.php(217): CodeIgniter\View\View->CodeIgniter\View\{closure}()
#3 C:\xampp\htdocs\proyek-web-horay-family\vendor\codeigniter4\framework\system\Common.php(1092): CodeIgniter\View\View->render('pages/profile', Array, true)
#4 C:\xampp\htdocs\proyek-web-horay-family\app\Controllers\Page.php(29): view('pages/profile')
#5 C:\xampp\htdocs\proyek-web-horay-family\vendor\codeigniter4\framework\system\CodeIgniter.php(802): App\Controllers\Page->profile()
#6 C:\xampp\htdocs\proyek-web-horay-family\vendor\codeigniter4\framework\system\CodeIgniter.php(399): CodeIgniter\CodeIgniter->runController(Object(App\Controllers\Page))
#7 C:\xampp\htdocs\proyek-web-horay-family\vendor\codeigniter4\framework\system\CodeIgniter.php(317): CodeIgniter\CodeIgniter->handleRequest(NULL, Object(Config\Cache), false)
#8 C:\xampp\htdocs\proyek-web-horay-family\public\index.php(37): CodeIgniter\CodeIgniter->run()
#9 C:\xampp\htdocs\proyek-web-horay-family\vendor\codeigniter4\framework\system\Commands\Server\rewrite.php(43): require_once('C:\\xampp\\htdocs...')
#10 {main}
CRITICAL - 2021-11-22 14:42:34 --> Undefined array key "nama"
#0 C:\xampp\htdocs\proyek-web-horay-family\app\Views\pages\profile.php(131): CodeIgniter\Debug\Exceptions->errorHandler(2, 'Undefined array...', 'C:\\xampp\\htdocs...', 131)
#1 C:\xampp\htdocs\proyek-web-horay-family\vendor\codeigniter4\framework\system\View\View.php(214): include('C:\\xampp\\htdocs...')
#2 C:\xampp\htdocs\proyek-web-horay-family\vendor\codeigniter4\framework\system\View\View.php(217): CodeIgniter\View\View->CodeIgniter\View\{closure}()
#3 C:\xampp\htdocs\proyek-web-horay-family\vendor\codeigniter4\framework\system\Common.php(1092): CodeIgniter\View\View->render('pages/profile', Array, true)
#4 C:\xampp\htdocs\proyek-web-horay-family\app\Controllers\Page.php(29): view('pages/profile', Array)
#5 C:\xampp\htdocs\proyek-web-horay-family\vendor\codeigniter4\framework\system\CodeIgniter.php(802): App\Controllers\Page->profile()
#6 C:\xampp\htdocs\proyek-web-horay-family\vendor\codeigniter4\framework\system\CodeIgniter.php(399): CodeIgniter\CodeIgniter->runController(Object(App\Controllers\Page))
#7 C:\xampp\htdocs\proyek-web-horay-family\vendor\codeigniter4\framework\system\CodeIgniter.php(317): CodeIgniter\CodeIgniter->handleRequest(NULL, Object(Config\Cache), false)
#8 C:\xampp\htdocs\proyek-web-horay-family\public\index.php(37): CodeIgniter\CodeIgniter->run()
#9 C:\xampp\htdocs\proyek-web-horay-family\vendor\codeigniter4\framework\system\Commands\Server\rewrite.php(43): require_once('C:\\xampp\\htdocs...')
#10 {main}
CRITICAL - 2021-11-22 14:42:49 --> Undefined array key "nama"
#0 C:\xampp\htdocs\proyek-web-horay-family\app\Views\pages\profile.php(131): CodeIgniter\Debug\Exceptions->errorHandler(2, 'Undefined array...', 'C:\\xampp\\htdocs...', 131)
#1 C:\xampp\htdocs\proyek-web-horay-family\vendor\codeigniter4\framework\system\View\View.php(214): include('C:\\xampp\\htdocs...')
#2 C:\xampp\htdocs\proyek-web-horay-family\vendor\codeigniter4\framework\system\View\View.php(217): CodeIgniter\View\View->CodeIgniter\View\{closure}()
#3 C:\xampp\htdocs\proyek-web-horay-family\vendor\codeigniter4\framework\system\Common.php(1092): CodeIgniter\View\View->render('pages/profile', Array, true)
#4 C:\xampp\htdocs\proyek-web-horay-family\app\Controllers\Page.php(29): view('pages/profile', Array)
#5 C:\xampp\htdocs\proyek-web-horay-family\vendor\codeigniter4\framework\system\CodeIgniter.php(802): App\Controllers\Page->profile()
#6 C:\xampp\htdocs\proyek-web-horay-family\vendor\codeigniter4\framework\system\CodeIgniter.php(399): CodeIgniter\CodeIgniter->runController(Object(App\Controllers\Page))
#7 C:\xampp\htdocs\proyek-web-horay-family\vendor\codeigniter4\framework\system\CodeIgniter.php(317): CodeIgniter\CodeIgniter->handleRequest(NULL, Object(Config\Cache), false)
#8 C:\xampp\htdocs\proyek-web-horay-family\public\index.php(37): CodeIgniter\CodeIgniter->run()
#9 C:\xampp\htdocs\proyek-web-horay-family\vendor\codeigniter4\framework\system\Commands\Server\rewrite.php(43): require_once('C:\\xampp\\htdocs...')
#10 {main}
CRITICAL - 2021-11-22 15:01:06 --> syntax error, unexpected token "if"
#0 C:\xampp\htdocs\proyek-web-horay-family\vendor\codeigniter4\framework\system\CodeIgniter.php(358): CodeIgniter\CodeIgniter->tryToRouteIt(NULL)
#1 C:\xampp\htdocs\proyek-web-horay-family\vendor\codeigniter4\framework\system\CodeIgniter.php(317): CodeIgniter\CodeIgniter->handleRequest(NULL, Object(Config\Cache), false)
#2 C:\xampp\htdocs\proyek-web-horay-family\public\index.php(37): CodeIgniter\CodeIgniter->run()
#3 C:\xampp\htdocs\proyek-web-horay-family\vendor\codeigniter4\framework\system\Commands\Server\rewrite.php(43): require_once('C:\\xampp\\htdocs...')
#4 {main}
CRITICAL - 2021-11-22 15:01:11 --> syntax error, unexpected token "if"
#0 C:\xampp\htdocs\proyek-web-horay-family\vendor\codeigniter4\framework\system\CodeIgniter.php(358): CodeIgniter\CodeIgniter->tryToRouteIt(NULL)
#1 C:\xampp\htdocs\proyek-web-horay-family\vendor\codeigniter4\framework\system\CodeIgniter.php(317): CodeIgniter\CodeIgniter->handleRequest(NULL, Object(Config\Cache), false)
#2 C:\xampp\htdocs\proyek-web-horay-family\public\index.php(37): CodeIgniter\CodeIgniter->run()
#3 C:\xampp\htdocs\proyek-web-horay-family\vendor\codeigniter4\framework\system\Commands\Server\rewrite.php(43): require_once('C:\\xampp\\htdocs...')
#4 {main}
CRITICAL - 2021-11-22 15:02:14 --> Undefined array key 0
#0 C:\xampp\htdocs\proyek-web-horay-family\app\Views\pages\profile.php(25): CodeIgniter\Debug\Exceptions->errorHandler(2, 'Undefined array...', 'C:\\xampp\\htdocs...', 25)
#1 C:\xampp\htdocs\proyek-web-horay-family\vendor\codeigniter4\framework\system\View\View.php(214): include('C:\\xampp\\htdocs...')
#2 C:\xampp\htdocs\proyek-web-horay-family\vendor\codeigniter4\framework\system\View\View.php(217): CodeIgniter\View\View->CodeIgniter\View\{closure}()
#3 C:\xampp\htdocs\proyek-web-horay-family\vendor\codeigniter4\framework\system\Common.php(1092): CodeIgniter\View\View->render('pages/profile', Array, true)
#4 C:\xampp\htdocs\proyek-web-horay-family\app\Controllers\Page.php(29): view('pages/profile', Array)
#5 C:\xampp\htdocs\proyek-web-horay-family\vendor\codeigniter4\framework\system\CodeIgniter.php(802): App\Controllers\Page->profile()
#6 C:\xampp\htdocs\proyek-web-horay-family\vendor\codeigniter4\framework\system\CodeIgniter.php(399): CodeIgniter\CodeIgniter->runController(Object(App\Controllers\Page))
#7 C:\xampp\htdocs\proyek-web-horay-family\vendor\codeigniter4\framework\system\CodeIgniter.php(317): CodeIgniter\CodeIgniter->handleRequest(NULL, Object(Config\Cache), false)
#8 C:\xampp\htdocs\proyek-web-horay-family\public\index.php(37): CodeIgniter\CodeIgniter->run()
#9 C:\xampp\htdocs\proyek-web-horay-family\vendor\codeigniter4\framework\system\Commands\Server\rewrite.php(43): require_once('C:\\xampp\\htdocs...')
#10 {main}
CRITICAL - 2021-11-22 15:05:37 --> Undefined array key 0
#0 C:\xampp\htdocs\proyek-web-horay-family\app\Views\pages\profile.php(25): CodeIgniter\Debug\Exceptions->errorHandler(2, 'Undefined array...', 'C:\\xampp\\htdocs...', 25)
#1 C:\xampp\htdocs\proyek-web-horay-family\vendor\codeigniter4\framework\system\View\View.php(214): include('C:\\xampp\\htdocs...')
#2 C:\xampp\htdocs\proyek-web-horay-family\vendor\codeigniter4\framework\system\View\View.php(217): CodeIgniter\View\View->CodeIgniter\View\{closure}()
#3 C:\xampp\htdocs\proyek-web-horay-family\vendor\codeigniter4\framework\system\Common.php(1092): CodeIgniter\View\View->render('pages/profile', Array, true)
#4 C:\xampp\htdocs\proyek-web-horay-family\app\Controllers\Page.php(29): view('pages/profile', Array)
#5 C:\xampp\htdocs\proyek-web-horay-family\vendor\codeigniter4\framework\system\CodeIgniter.php(802): App\Controllers\Page->profile()
#6 C:\xampp\htdocs\proyek-web-horay-family\vendor\codeigniter4\framework\system\CodeIgniter.php(399): CodeIgniter\CodeIgniter->runController(Object(App\Controllers\Page))
#7 C:\xampp\htdocs\proyek-web-horay-family\vendor\codeigniter4\framework\system\CodeIgniter.php(317): CodeIgniter\CodeIgniter->handleRequest(NULL, Object(Config\Cache), false)
#8 C:\xampp\htdocs\proyek-web-horay-family\public\index.php(37): CodeIgniter\CodeIgniter->run()
#9 C:\xampp\htdocs\proyek-web-horay-family\vendor\codeigniter4\framework\system\Commands\Server\rewrite.php(43): require_once('C:\\xampp\\htdocs...')
#10 {main}
CRITICAL - 2021-11-22 15:06:54 --> Call to undefined function set_value()
#0 C:\xampp\htdocs\proyek-web-horay-family\vendor\codeigniter4\framework\system\View\View.php(214): include()
#1 C:\xampp\htdocs\proyek-web-horay-family\vendor\codeigniter4\framework\system\View\View.php(217): CodeIgniter\View\View->CodeIgniter\View\{closure}()
#2 C:\xampp\htdocs\proyek-web-horay-family\vendor\codeigniter4\framework\system\Common.php(1092): CodeIgniter\View\View->render('pages/loginPage', Array, true)
#3 C:\xampp\htdocs\proyek-web-horay-family\app\Controllers\Page.php(11): view('pages/loginPage')
#4 C:\xampp\htdocs\proyek-web-horay-family\vendor\codeigniter4\framework\system\CodeIgniter.php(802): App\Controllers\Page->loginJB()
#5 C:\xampp\htdocs\proyek-web-horay-family\vendor\codeigniter4\framework\system\CodeIgniter.php(399): CodeIgniter\CodeIgniter->runController(Object(App\Controllers\Page))
#6 C:\xampp\htdocs\proyek-web-horay-family\vendor\codeigniter4\framework\system\CodeIgniter.php(317): CodeIgniter\CodeIgniter->handleRequest(NULL, Object(Config\Cache), false)
#7 C:\xampp\htdocs\proyek-web-horay-family\public\index.php(37): CodeIgniter\CodeIgniter->run()
#8 C:\xampp\htdocs\proyek-web-horay-family\vendor\codeigniter4\framework\system\Commands\Server\rewrite.php(43): require_once('C:\\xampp\\htdocs...')
#9 {main}
CRITICAL - 2021-11-22 15:07:16 --> Undefined array key 0
#0 C:\xampp\htdocs\proyek-web-horay-family\app\Views\pages\profile.php(25): CodeIgniter\Debug\Exceptions->errorHandler(2, 'Undefined array...', 'C:\\xampp\\htdocs...', 25)
#1 C:\xampp\htdocs\proyek-web-horay-family\vendor\codeigniter4\framework\system\View\View.php(214): include('C:\\xampp\\htdocs...')
#2 C:\xampp\htdocs\proyek-web-horay-family\vendor\codeigniter4\framework\system\View\View.php(217): CodeIgniter\View\View->CodeIgniter\View\{closure}()
#3 C:\xampp\htdocs\proyek-web-horay-family\vendor\codeigniter4\framework\system\Common.php(1092): CodeIgniter\View\View->render('pages/profile', Array, true)
#4 C:\xampp\htdocs\proyek-web-horay-family\app\Controllers\Page.php(29): view('pages/profile', Array)
#5 C:\xampp\htdocs\proyek-web-horay-family\vendor\codeigniter4\framework\system\CodeIgniter.php(802): App\Controllers\Page->profile()
#6 C:\xampp\htdocs\proyek-web-horay-family\vendor\codeigniter4\framework\system\CodeIgniter.php(399): CodeIgniter\CodeIgniter->runController(Object(App\Controllers\Page))
#7 C:\xampp\htdocs\proyek-web-horay-family\vendor\codeigniter4\framework\system\CodeIgniter.php(317): CodeIgniter\CodeIgniter->handleRequest(NULL, Object(Config\Cache), false)
#8 C:\xampp\htdocs\proyek-web-horay-family\public\index.php(37): CodeIgniter\CodeIgniter->run()
#9 C:\xampp\htdocs\proyek-web-horay-family\vendor\codeigniter4\framework\system\Commands\Server\rewrite.php(43): require_once('C:\\xampp\\htdocs...')
#10 {main}
CRITICAL - 2021-11-22 15:08:30 --> Undefined array key 0
#0 C:\xampp\htdocs\proyek-web-horay-family\app\Views\pages\profile.php(25): CodeIgniter\Debug\Exceptions->errorHandler(2, 'Undefined array...', 'C:\\xampp\\htdocs...', 25)
#1 C:\xampp\htdocs\proyek-web-horay-family\vendor\codeigniter4\framework\system\View\View.php(214): include('C:\\xampp\\htdocs...')
#2 C:\xampp\htdocs\proyek-web-horay-family\vendor\codeigniter4\framework\system\View\View.php(217): CodeIgniter\View\View->CodeIgniter\View\{closure}()
#3 C:\xampp\htdocs\proyek-web-horay-family\vendor\codeigniter4\framework\system\Common.php(1092): CodeIgniter\View\View->render('pages/profile', Array, true)
#4 C:\xampp\htdocs\proyek-web-horay-family\app\Controllers\Page.php(29): view('pages/profile', Array)
#5 C:\xampp\htdocs\proyek-web-horay-family\vendor\codeigniter4\framework\system\CodeIgniter.php(802): App\Controllers\Page->profile()
#6 C:\xampp\htdocs\proyek-web-horay-family\vendor\codeigniter4\framework\system\CodeIgniter.php(399): CodeIgniter\CodeIgniter->runController(Object(App\Controllers\Page))
#7 C:\xampp\htdocs\proyek-web-horay-family\vendor\codeigniter4\framework\system\CodeIgniter.php(317): CodeIgniter\CodeIgniter->handleRequest(NULL, Object(Config\Cache), false)
#8 C:\xampp\htdocs\proyek-web-horay-family\public\index.php(37): CodeIgniter\CodeIgniter->run()
#9 C:\xampp\htdocs\proyek-web-horay-family\vendor\codeigniter4\framework\system\Commands\Server\rewrite.php(43): require_once('C:\\xampp\\htdocs...')
#10 {main}
CRITICAL - 2021-11-22 15:09:39 --> Undefined array key 0
#0 C:\xampp\htdocs\proyek-web-horay-family\app\Views\pages\profile.php(25): CodeIgniter\Debug\Exceptions->errorHandler(2, 'Undefined array...', 'C:\\xampp\\htdocs...', 25)
#1 C:\xampp\htdocs\proyek-web-horay-family\vendor\codeigniter4\framework\system\View\View.php(214): include('C:\\xampp\\htdocs...')
#2 C:\xampp\htdocs\proyek-web-horay-family\vendor\codeigniter4\framework\system\View\View.php(217): CodeIgniter\View\View->CodeIgniter\View\{closure}()
#3 C:\xampp\htdocs\proyek-web-horay-family\vendor\codeigniter4\framework\system\Common.php(1092): CodeIgniter\View\View->render('pages/profile', Array, true)
#4 C:\xampp\htdocs\proyek-web-horay-family\app\Controllers\Page.php(29): view('pages/profile', Array)
#5 C:\xampp\htdocs\proyek-web-horay-family\vendor\codeigniter4\framework\system\CodeIgniter.php(802): App\Controllers\Page->profile()
#6 C:\xampp\htdocs\proyek-web-horay-family\vendor\codeigniter4\framework\system\CodeIgniter.php(399): CodeIgniter\CodeIgniter->runController(Object(App\Controllers\Page))
#7 C:\xampp\htdocs\proyek-web-horay-family\vendor\codeigniter4\framework\system\CodeIgniter.php(317): CodeIgniter\CodeIgniter->handleRequest(NULL, Object(Config\Cache), false)
#8 C:\xampp\htdocs\proyek-web-horay-family\public\index.php(37): CodeIgniter\CodeIgniter->run()
#9 C:\xampp\htdocs\proyek-web-horay-family\vendor\codeigniter4\framework\system\Commands\Server\rewrite.php(43): require_once('C:\\xampp\\htdocs...')
#10 {main}
CRITICAL - 2021-11-22 15:15:25 --> Class "Config\AuthFilter" not found
#0 C:\xampp\htdocs\proyek-web-horay-family\vendor\codeigniter4\framework\system\CodeIgniter.php(374): CodeIgniter\Filters\Filters->run('lowongan', 'before')
#1 C:\xampp\htdocs\proyek-web-horay-family\vendor\codeigniter4\framework\system\CodeIgniter.php(317): CodeIgniter\CodeIgniter->handleRequest(NULL, Object(Config\Cache), false)
#2 C:\xampp\htdocs\proyek-web-horay-family\public\index.php(37): CodeIgniter\CodeIgniter->run()
#3 C:\xampp\htdocs\proyek-web-horay-family\vendor\codeigniter4\framework\system\Commands\Server\rewrite.php(43): require_once('C:\\xampp\\htdocs...')
#4 {main}
CRITICAL - 2021-11-22 15:20:02 --> syntax error, unexpected token "if"
#0 C:\xampp\htdocs\proyek-web-horay-family\vendor\codeigniter4\framework\system\CodeIgniter.php(358): CodeIgniter\CodeIgniter->tryToRouteIt(NULL)
#1 C:\xampp\htdocs\proyek-web-horay-family\vendor\codeigniter4\framework\system\CodeIgniter.php(317): CodeIgniter\CodeIgniter->handleRequest(NULL, Object(Config\Cache), false)
#2 C:\xampp\htdocs\proyek-web-horay-family\public\index.php(37): CodeIgniter\CodeIgniter->run()
#3 C:\xampp\htdocs\proyek-web-horay-family\vendor\codeigniter4\framework\system\Commands\Server\rewrite.php(43): require_once('C:\\xampp\\htdocs...')
#4 {main}
<<<<<<< HEAD
CRITICAL - 2021-11-22 22:11:11 --> Undefined array key "nama"
#0 C:\xampp\htdocs\proyek-web-horay-family\app\Views\pages\profile.php(25): CodeIgniter\Debug\Exceptions->errorHandler(2, 'Undefined array...', 'C:\\xampp\\htdocs...', 25)
#1 C:\xampp\htdocs\proyek-web-horay-family\vendor\codeigniter4\framework\system\View\View.php(214): include('C:\\xampp\\htdocs...')
#2 C:\xampp\htdocs\proyek-web-horay-family\vendor\codeigniter4\framework\system\View\View.php(217): CodeIgniter\View\View->CodeIgniter\View\{closure}()
#3 C:\xampp\htdocs\proyek-web-horay-family\vendor\codeigniter4\framework\system\Common.php(1092): CodeIgniter\View\View->render('pages/profile', Array, true)
#4 C:\xampp\htdocs\proyek-web-horay-family\app\Controllers\Page.php(29): view('pages/profile', Array)
#5 C:\xampp\htdocs\proyek-web-horay-family\vendor\codeigniter4\framework\system\CodeIgniter.php(802): App\Controllers\Page->profile()
#6 C:\xampp\htdocs\proyek-web-horay-family\vendor\codeigniter4\framework\system\CodeIgniter.php(399): CodeIgniter\CodeIgniter->runController(Object(App\Controllers\Page))
#7 C:\xampp\htdocs\proyek-web-horay-family\vendor\codeigniter4\framework\system\CodeIgniter.php(317): CodeIgniter\CodeIgniter->handleRequest(NULL, Object(Config\Cache), false)
#8 C:\xampp\htdocs\proyek-web-horay-family\public\index.php(37): CodeIgniter\CodeIgniter->run()
#9 C:\xampp\htdocs\proyek-web-horay-family\vendor\codeigniter4\framework\system\Commands\Server\rewrite.php(43): require_once('C:\\xampp\\htdocs...')
#10 {main}
CRITICAL - 2021-11-22 22:11:39 --> Undefined array key "nama"
#0 C:\xampp\htdocs\proyek-web-horay-family\app\Views\pages\profile.php(26): CodeIgniter\Debug\Exceptions->errorHandler(2, 'Undefined array...', 'C:\\xampp\\htdocs...', 26)
#1 C:\xampp\htdocs\proyek-web-horay-family\vendor\codeigniter4\framework\system\View\View.php(214): include('C:\\xampp\\htdocs...')
#2 C:\xampp\htdocs\proyek-web-horay-family\vendor\codeigniter4\framework\system\View\View.php(217): CodeIgniter\View\View->CodeIgniter\View\{closure}()
#3 C:\xampp\htdocs\proyek-web-horay-family\vendor\codeigniter4\framework\system\Common.php(1092): CodeIgniter\View\View->render('pages/profile', Array, true)
#4 C:\xampp\htdocs\proyek-web-horay-family\app\Controllers\Page.php(29): view('pages/profile', Array)
#5 C:\xampp\htdocs\proyek-web-horay-family\vendor\codeigniter4\framework\system\CodeIgniter.php(802): App\Controllers\Page->profile()
#6 C:\xampp\htdocs\proyek-web-horay-family\vendor\codeigniter4\framework\system\CodeIgniter.php(399): CodeIgniter\CodeIgniter->runController(Object(App\Controllers\Page))
#7 C:\xampp\htdocs\proyek-web-horay-family\vendor\codeigniter4\framework\system\CodeIgniter.php(317): CodeIgniter\CodeIgniter->handleRequest(NULL, Object(Config\Cache), false)
#8 C:\xampp\htdocs\proyek-web-horay-family\public\index.php(37): CodeIgniter\CodeIgniter->run()
#9 C:\xampp\htdocs\proyek-web-horay-family\vendor\codeigniter4\framework\system\Commands\Server\rewrite.php(43): require_once('C:\\xampp\\htdocs...')
#10 {main}
CRITICAL - 2021-11-22 22:11:48 --> Undefined array key "nama"
#0 C:\xampp\htdocs\proyek-web-horay-family\app\Views\pages\profile.php(26): CodeIgniter\Debug\Exceptions->errorHandler(2, 'Undefined array...', 'C:\\xampp\\htdocs...', 26)
#1 C:\xampp\htdocs\proyek-web-horay-family\vendor\codeigniter4\framework\system\View\View.php(214): include('C:\\xampp\\htdocs...')
#2 C:\xampp\htdocs\proyek-web-horay-family\vendor\codeigniter4\framework\system\View\View.php(217): CodeIgniter\View\View->CodeIgniter\View\{closure}()
#3 C:\xampp\htdocs\proyek-web-horay-family\vendor\codeigniter4\framework\system\Common.php(1092): CodeIgniter\View\View->render('pages/profile', Array, true)
#4 C:\xampp\htdocs\proyek-web-horay-family\app\Controllers\Page.php(29): view('pages/profile', Array)
#5 C:\xampp\htdocs\proyek-web-horay-family\vendor\codeigniter4\framework\system\CodeIgniter.php(802): App\Controllers\Page->profile()
#6 C:\xampp\htdocs\proyek-web-horay-family\vendor\codeigniter4\framework\system\CodeIgniter.php(399): CodeIgniter\CodeIgniter->runController(Object(App\Controllers\Page))
#7 C:\xampp\htdocs\proyek-web-horay-family\vendor\codeigniter4\framework\system\CodeIgniter.php(317): CodeIgniter\CodeIgniter->handleRequest(NULL, Object(Config\Cache), false)
#8 C:\xampp\htdocs\proyek-web-horay-family\public\index.php(37): CodeIgniter\CodeIgniter->run()
#9 C:\xampp\htdocs\proyek-web-horay-family\vendor\codeigniter4\framework\system\Commands\Server\rewrite.php(43): require_once('C:\\xampp\\htdocs...')
#10 {main}
CRITICAL - 2021-11-22 22:12:02 --> Array to string conversion
#0 C:\xampp\htdocs\proyek-web-horay-family\app\Views\pages\profile.php(25): CodeIgniter\Debug\Exceptions->errorHandler(2, 'Array to string...', 'C:\\xampp\\htdocs...', 25)
#1 C:\xampp\htdocs\proyek-web-horay-family\vendor\codeigniter4\framework\system\View\View.php(214): include('C:\\xampp\\htdocs...')
#2 C:\xampp\htdocs\proyek-web-horay-family\vendor\codeigniter4\framework\system\View\View.php(217): CodeIgniter\View\View->CodeIgniter\View\{closure}()
#3 C:\xampp\htdocs\proyek-web-horay-family\vendor\codeigniter4\framework\system\Common.php(1092): CodeIgniter\View\View->render('pages/profile', Array, true)
#4 C:\xampp\htdocs\proyek-web-horay-family\app\Controllers\Page.php(29): view('pages/profile', Array)
#5 C:\xampp\htdocs\proyek-web-horay-family\vendor\codeigniter4\framework\system\CodeIgniter.php(802): App\Controllers\Page->profile()
#6 C:\xampp\htdocs\proyek-web-horay-family\vendor\codeigniter4\framework\system\CodeIgniter.php(399): CodeIgniter\CodeIgniter->runController(Object(App\Controllers\Page))
#7 C:\xampp\htdocs\proyek-web-horay-family\vendor\codeigniter4\framework\system\CodeIgniter.php(317): CodeIgniter\CodeIgniter->handleRequest(NULL, Object(Config\Cache), false)
#8 C:\xampp\htdocs\proyek-web-horay-family\public\index.php(37): CodeIgniter\CodeIgniter->run()
#9 C:\xampp\htdocs\proyek-web-horay-family\vendor\codeigniter4\framework\system\Commands\Server\rewrite.php(43): require_once('C:\\xampp\\htdocs...')
#10 {main}
CRITICAL - 2021-11-22 22:12:53 --> Undefined variable $userInfo
#0 C:\xampp\htdocs\proyek-web-horay-family\app\Views\pages\profile.php(25): CodeIgniter\Debug\Exceptions->errorHandler(2, 'Undefined varia...', 'C:\\xampp\\htdocs...', 25)
#1 C:\xampp\htdocs\proyek-web-horay-family\vendor\codeigniter4\framework\system\View\View.php(214): include('C:\\xampp\\htdocs...')
#2 C:\xampp\htdocs\proyek-web-horay-family\vendor\codeigniter4\framework\system\View\View.php(217): CodeIgniter\View\View->CodeIgniter\View\{closure}()
#3 C:\xampp\htdocs\proyek-web-horay-family\vendor\codeigniter4\framework\system\Common.php(1092): CodeIgniter\View\View->render('pages/profile', Array, true)
#4 C:\xampp\htdocs\proyek-web-horay-family\app\Controllers\Page.php(29): view('pages/profile', Array)
#5 C:\xampp\htdocs\proyek-web-horay-family\vendor\codeigniter4\framework\system\CodeIgniter.php(802): App\Controllers\Page->profile()
#6 C:\xampp\htdocs\proyek-web-horay-family\vendor\codeigniter4\framework\system\CodeIgniter.php(399): CodeIgniter\CodeIgniter->runController(Object(App\Controllers\Page))
#7 C:\xampp\htdocs\proyek-web-horay-family\vendor\codeigniter4\framework\system\CodeIgniter.php(317): CodeIgniter\CodeIgniter->handleRequest(NULL, Object(Config\Cache), false)
#8 C:\xampp\htdocs\proyek-web-horay-family\public\index.php(37): CodeIgniter\CodeIgniter->run()
#9 C:\xampp\htdocs\proyek-web-horay-family\vendor\codeigniter4\framework\system\Commands\Server\rewrite.php(43): require_once('C:\\xampp\\htdocs...')
#10 {main}
CRITICAL - 2021-11-22 22:17:33 --> Call to undefined function set_value()
#0 C:\xampp\htdocs\proyek-web-horay-family\vendor\codeigniter4\framework\system\View\View.php(214): include()
#1 C:\xampp\htdocs\proyek-web-horay-family\vendor\codeigniter4\framework\system\View\View.php(217): CodeIgniter\View\View->CodeIgniter\View\{closure}()
#2 C:\xampp\htdocs\proyek-web-horay-family\vendor\codeigniter4\framework\system\Common.php(1092): CodeIgniter\View\View->render('pages/loginPage', Array, true)
#3 C:\xampp\htdocs\proyek-web-horay-family\app\Controllers\Page.php(11): view('pages/loginPage')
#4 C:\xampp\htdocs\proyek-web-horay-family\vendor\codeigniter4\framework\system\CodeIgniter.php(802): App\Controllers\Page->loginJB()
#5 C:\xampp\htdocs\proyek-web-horay-family\vendor\codeigniter4\framework\system\CodeIgniter.php(399): CodeIgniter\CodeIgniter->runController(Object(App\Controllers\Page))
#6 C:\xampp\htdocs\proyek-web-horay-family\vendor\codeigniter4\framework\system\CodeIgniter.php(317): CodeIgniter\CodeIgniter->handleRequest(NULL, Object(Config\Cache), false)
#7 C:\xampp\htdocs\proyek-web-horay-family\public\index.php(37): CodeIgniter\CodeIgniter->run()
#8 C:\xampp\htdocs\proyek-web-horay-family\vendor\codeigniter4\framework\system\Commands\Server\rewrite.php(43): require_once('C:\\xampp\\htdocs...')
#9 {main}
CRITICAL - 2021-11-22 22:18:37 --> Call to undefined function set_value()
#0 C:\xampp\htdocs\proyek-web-horay-family\vendor\codeigniter4\framework\system\View\View.php(214): include()
#1 C:\xampp\htdocs\proyek-web-horay-family\vendor\codeigniter4\framework\system\View\View.php(217): CodeIgniter\View\View->CodeIgniter\View\{closure}()
#2 C:\xampp\htdocs\proyek-web-horay-family\vendor\codeigniter4\framework\system\Common.php(1092): CodeIgniter\View\View->render('pages/loginPage', Array, true)
#3 C:\xampp\htdocs\proyek-web-horay-family\app\Controllers\Page.php(11): view('pages/loginPage')
#4 C:\xampp\htdocs\proyek-web-horay-family\vendor\codeigniter4\framework\system\CodeIgniter.php(802): App\Controllers\Page->loginJB()
#5 C:\xampp\htdocs\proyek-web-horay-family\vendor\codeigniter4\framework\system\CodeIgniter.php(399): CodeIgniter\CodeIgniter->runController(Object(App\Controllers\Page))
#6 C:\xampp\htdocs\proyek-web-horay-family\vendor\codeigniter4\framework\system\CodeIgniter.php(317): CodeIgniter\CodeIgniter->handleRequest(NULL, Object(Config\Cache), false)
#7 C:\xampp\htdocs\proyek-web-horay-family\public\index.php(37): CodeIgniter\CodeIgniter->run()
#8 C:\xampp\htdocs\proyek-web-horay-family\vendor\codeigniter4\framework\system\Commands\Server\rewrite.php(43): require_once('C:\\xampp\\htdocs...')
#9 {main}
=======
ERROR - 2021-11-22 19:57:30 --> Error connecting to the database: Unknown database 'jobvacancy'
CRITICAL - 2021-11-22 19:57:30 --> Unable to connect to the database.
Main connection [MySQLi]: Unknown database 'jobvacancy'
#0 D:\Program File\xampp 2.0\htdocs\PROJECT-PEMWEB\proyek-web-horay-family\vendor\codeigniter4\framework\system\Database\BaseConnection.php(577): CodeIgniter\Database\BaseConnection->initialize()
#1 D:\Program File\xampp 2.0\htdocs\PROJECT-PEMWEB\proyek-web-horay-family\vendor\codeigniter4\framework\system\Database\BaseBuilder.php(1443): CodeIgniter\Database\BaseConnection->query('SELECT 1\nFROM `...', Array, false)
#2 D:\Program File\xampp 2.0\htdocs\PROJECT-PEMWEB\proyek-web-horay-family\vendor\codeigniter4\framework\system\Validation\Rules.php(161): CodeIgniter\Database\BaseBuilder->get()
#3 D:\Program File\xampp 2.0\htdocs\PROJECT-PEMWEB\proyek-web-horay-family\vendor\codeigniter4\framework\system\Validation\Validation.php(277): CodeIgniter\Validation\Rules->is_unique('haliputriaisyah...', 'email', Array, NULL)
#4 D:\Program File\xampp 2.0\htdocs\PROJECT-PEMWEB\proyek-web-horay-family\vendor\codeigniter4\framework\system\Validation\Validation.php(151): CodeIgniter\Validation\Validation->processRules('email', 'email', 'haliputriaisyah...', Array, Array)
#5 D:\Program File\xampp 2.0\htdocs\PROJECT-PEMWEB\proyek-web-horay-family\vendor\codeigniter4\framework\system\Controller.php(160): CodeIgniter\Validation\Validation->run()
#6 D:\Program File\xampp 2.0\htdocs\PROJECT-PEMWEB\proyek-web-horay-family\app\Controllers\Auth.php(28): CodeIgniter\Controller->validate(Array)
#7 D:\Program File\xampp 2.0\htdocs\PROJECT-PEMWEB\proyek-web-horay-family\vendor\codeigniter4\framework\system\CodeIgniter.php(824): App\Controllers\Auth->save()
#8 D:\Program File\xampp 2.0\htdocs\PROJECT-PEMWEB\proyek-web-horay-family\vendor\codeigniter4\framework\system\CodeIgniter.php(410): CodeIgniter\CodeIgniter->runController(Object(App\Controllers\Auth))
#9 D:\Program File\xampp 2.0\htdocs\PROJECT-PEMWEB\proyek-web-horay-family\vendor\codeigniter4\framework\system\CodeIgniter.php(318): CodeIgniter\CodeIgniter->handleRequest(NULL, Object(Config\Cache), false)
#10 D:\Program File\xampp 2.0\htdocs\PROJECT-PEMWEB\proyek-web-horay-family\public\index.php(37): CodeIgniter\CodeIgniter->run()
#11 D:\Program File\xampp 2.0\htdocs\PROJECT-PEMWEB\proyek-web-horay-family\vendor\codeigniter4\framework\system\Commands\Server\rewrite.php(43): require_once('D:\\Program File...')
#12 {main}
>>>>>>> 6ddda06dd92439c9f3c818af46e65a28b7d248a0
