CRITICAL - 2021-11-23 00:29:36 --> Array to string conversion
#0 C:\xampp\htdocs\proyek-web-horay-family\app\Controllers\Auth.php(96): CodeIgniter\Debug\Exceptions->errorHandler(2, 'Array to string...', 'C:\\xampp\\htdocs...', 96)
#1 C:\xampp\htdocs\proyek-web-horay-family\vendor\codeigniter4\framework\system\CodeIgniter.php(802): App\Controllers\Auth->check()
#2 C:\xampp\htdocs\proyek-web-horay-family\vendor\codeigniter4\framework\system\CodeIgniter.php(399): CodeIgniter\CodeIgniter->runController(Object(App\Controllers\Auth))
#3 C:\xampp\htdocs\proyek-web-horay-family\vendor\codeigniter4\framework\system\CodeIgniter.php(317): CodeIgniter\CodeIgniter->handleRequest(NULL, Object(Config\Cache), false)
#4 C:\xampp\htdocs\proyek-web-horay-family\public\index.php(37): CodeIgniter\CodeIgniter->run()
#5 C:\xampp\htdocs\proyek-web-horay-family\vendor\codeigniter4\framework\system\Commands\Server\rewrite.php(43): require_once('C:\\xampp\\htdocs...')
#6 {main}
ERROR - 2021-11-23 00:29:43 --> Illegal parameter data types int and row for operation '='
CRITICAL - 2021-11-23 00:29:43 --> Illegal parameter data types int and row for operation '='
#0 C:\xampp\htdocs\proyek-web-horay-family\vendor\codeigniter4\framework\system\Database\MySQLi\Connection.php(280): mysqli->query('SELECT *\nFROM `...')
#1 C:\xampp\htdocs\proyek-web-horay-family\vendor\codeigniter4\framework\system\Database\BaseConnection.php(663): CodeIgniter\Database\MySQLi\Connection->execute('SELECT *\nFROM `...')
#2 C:\xampp\htdocs\proyek-web-horay-family\vendor\codeigniter4\framework\system\Database\BaseConnection.php(591): CodeIgniter\Database\BaseConnection->simpleQuery('SELECT *\nFROM `...')
#3 C:\xampp\htdocs\proyek-web-horay-family\vendor\codeigniter4\framework\system\Database\BaseBuilder.php(1428): CodeIgniter\Database\BaseConnection->query('SELECT *\nFROM `...', Array, false)
#4 C:\xampp\htdocs\proyek-web-horay-family\vendor\codeigniter4\framework\system\Model.php(145): CodeIgniter\Database\BaseBuilder->get()
#5 C:\xampp\htdocs\proyek-web-horay-family\vendor\codeigniter4\framework\system\BaseModel.php(523): CodeIgniter\Model->doFind(false, NULL)
#6 C:\xampp\htdocs\proyek-web-horay-family\app\Controllers\Page.php(25): CodeIgniter\BaseModel->find()
#7 C:\xampp\htdocs\proyek-web-horay-family\vendor\codeigniter4\framework\system\CodeIgniter.php(802): App\Controllers\Page->profile()
#8 C:\xampp\htdocs\proyek-web-horay-family\vendor\codeigniter4\framework\system\CodeIgniter.php(399): CodeIgniter\CodeIgniter->runController(Object(App\Controllers\Page))
#9 C:\xampp\htdocs\proyek-web-horay-family\vendor\codeigniter4\framework\system\CodeIgniter.php(317): CodeIgniter\CodeIgniter->handleRequest(NULL, Object(Config\Cache), false)
#10 C:\xampp\htdocs\proyek-web-horay-family\public\index.php(37): CodeIgniter\CodeIgniter->run()
#11 C:\xampp\htdocs\proyek-web-horay-family\vendor\codeigniter4\framework\system\Commands\Server\rewrite.php(43): require_once('C:\\xampp\\htdocs...')
#12 {main}
ERROR - 2021-11-23 00:29:56 --> Illegal parameter data types int and row for operation '='
CRITICAL - 2021-11-23 00:29:56 --> Illegal parameter data types int and row for operation '='
#0 C:\xampp\htdocs\proyek-web-horay-family\vendor\codeigniter4\framework\system\Database\MySQLi\Connection.php(280): mysqli->query('SELECT *\nFROM `...')
#1 C:\xampp\htdocs\proyek-web-horay-family\vendor\codeigniter4\framework\system\Database\BaseConnection.php(663): CodeIgniter\Database\MySQLi\Connection->execute('SELECT *\nFROM `...')
#2 C:\xampp\htdocs\proyek-web-horay-family\vendor\codeigniter4\framework\system\Database\BaseConnection.php(591): CodeIgniter\Database\BaseConnection->simpleQuery('SELECT *\nFROM `...')
#3 C:\xampp\htdocs\proyek-web-horay-family\vendor\codeigniter4\framework\system\Database\BaseBuilder.php(1428): CodeIgniter\Database\BaseConnection->query('SELECT *\nFROM `...', Array, false)
#4 C:\xampp\htdocs\proyek-web-horay-family\vendor\codeigniter4\framework\system\Model.php(145): CodeIgniter\Database\BaseBuilder->get()
#5 C:\xampp\htdocs\proyek-web-horay-family\vendor\codeigniter4\framework\system\BaseModel.php(523): CodeIgniter\Model->doFind(false, NULL)
#6 C:\xampp\htdocs\proyek-web-horay-family\app\Controllers\Page.php(25): CodeIgniter\BaseModel->find()
#7 C:\xampp\htdocs\proyek-web-horay-family\vendor\codeigniter4\framework\system\CodeIgniter.php(802): App\Controllers\Page->profile()
#8 C:\xampp\htdocs\proyek-web-horay-family\vendor\codeigniter4\framework\system\CodeIgniter.php(399): CodeIgniter\CodeIgniter->runController(Object(App\Controllers\Page))
#9 C:\xampp\htdocs\proyek-web-horay-family\vendor\codeigniter4\framework\system\CodeIgniter.php(317): CodeIgniter\CodeIgniter->handleRequest(NULL, Object(Config\Cache), false)
#10 C:\xampp\htdocs\proyek-web-horay-family\public\index.php(37): CodeIgniter\CodeIgniter->run()
#11 C:\xampp\htdocs\proyek-web-horay-family\vendor\codeigniter4\framework\system\Commands\Server\rewrite.php(43): require_once('C:\\xampp\\htdocs...')
#12 {main}
CRITICAL - 2021-11-23 00:31:53 --> Undefined variable $userInfo
#0 C:\xampp\htdocs\proyek-web-horay-family\app\Views\pages\profile.php(25): CodeIgniter\Debug\Exceptions->errorHandler(2, 'Undefined varia...', 'C:\\xampp\\htdocs...', 25)
#1 C:\xampp\htdocs\proyek-web-horay-family\vendor\codeigniter4\framework\system\View\View.php(214): include('C:\\xampp\\htdocs...')
#2 C:\xampp\htdocs\proyek-web-horay-family\vendor\codeigniter4\framework\system\View\View.php(217): CodeIgniter\View\View->CodeIgniter\View\{closure}()
#3 C:\xampp\htdocs\proyek-web-horay-family\vendor\codeigniter4\framework\system\Common.php(1092): CodeIgniter\View\View->render('pages/profile', Array, true)
#4 C:\xampp\htdocs\proyek-web-horay-family\app\Controllers\Page.php(27): view('pages/profile', Array)
#5 C:\xampp\htdocs\proyek-web-horay-family\vendor\codeigniter4\framework\system\CodeIgniter.php(802): App\Controllers\Page->profile()
#6 C:\xampp\htdocs\proyek-web-horay-family\vendor\codeigniter4\framework\system\CodeIgniter.php(399): CodeIgniter\CodeIgniter->runController(Object(App\Controllers\Page))
#7 C:\xampp\htdocs\proyek-web-horay-family\vendor\codeigniter4\framework\system\CodeIgniter.php(317): CodeIgniter\CodeIgniter->handleRequest(NULL, Object(Config\Cache), false)
#8 C:\xampp\htdocs\proyek-web-horay-family\public\index.php(37): CodeIgniter\CodeIgniter->run()
#9 C:\xampp\htdocs\proyek-web-horay-family\vendor\codeigniter4\framework\system\Commands\Server\rewrite.php(43): require_once('C:\\xampp\\htdocs...')
#10 {main}
CRITICAL - 2021-11-23 00:33:49 --> Undefined variable $userInfo
#0 C:\xampp\htdocs\proyek-web-horay-family\app\Views\pages\profile.php(25): CodeIgniter\Debug\Exceptions->errorHandler(2, 'Undefined varia...', 'C:\\xampp\\htdocs...', 25)
#1 C:\xampp\htdocs\proyek-web-horay-family\vendor\codeigniter4\framework\system\View\View.php(214): include('C:\\xampp\\htdocs...')
#2 C:\xampp\htdocs\proyek-web-horay-family\vendor\codeigniter4\framework\system\View\View.php(217): CodeIgniter\View\View->CodeIgniter\View\{closure}()
#3 C:\xampp\htdocs\proyek-web-horay-family\vendor\codeigniter4\framework\system\Common.php(1092): CodeIgniter\View\View->render('pages/profile', Array, true)
#4 C:\xampp\htdocs\proyek-web-horay-family\app\Controllers\Page.php(29): view('pages/profile', Array)
#5 C:\xampp\htdocs\proyek-web-horay-family\vendor\codeigniter4\framework\system\CodeIgniter.php(802): App\Controllers\Page->profile()
#6 C:\xampp\htdocs\proyek-web-horay-family\vendor\codeigniter4\framework\system\CodeIgniter.php(399): CodeIgniter\CodeIgniter->runController(Object(App\Controllers\Page))
#7 C:\xampp\htdocs\proyek-web-horay-family\vendor\codeigniter4\framework\system\CodeIgniter.php(317): CodeIgniter\CodeIgniter->handleRequest(NULL, Object(Config\Cache), false)
#8 C:\xampp\htdocs\proyek-web-horay-family\public\index.php(37): CodeIgniter\CodeIgniter->run()
#9 C:\xampp\htdocs\proyek-web-horay-family\vendor\codeigniter4\framework\system\Commands\Server\rewrite.php(43): require_once('C:\\xampp\\htdocs...')
#10 {main}
CRITICAL - 2021-11-23 00:34:08 --> Undefined variable $userInfo
#0 C:\xampp\htdocs\proyek-web-horay-family\app\Views\pages\profile.php(49): CodeIgniter\Debug\Exceptions->errorHandler(2, 'Undefined varia...', 'C:\\xampp\\htdocs...', 49)
#1 C:\xampp\htdocs\proyek-web-horay-family\vendor\codeigniter4\framework\system\View\View.php(214): include('C:\\xampp\\htdocs...')
#2 C:\xampp\htdocs\proyek-web-horay-family\vendor\codeigniter4\framework\system\View\View.php(217): CodeIgniter\View\View->CodeIgniter\View\{closure}()
#3 C:\xampp\htdocs\proyek-web-horay-family\vendor\codeigniter4\framework\system\Common.php(1092): CodeIgniter\View\View->render('pages/profile', Array, true)
#4 C:\xampp\htdocs\proyek-web-horay-family\app\Controllers\Page.php(29): view('pages/profile', Array)
#5 C:\xampp\htdocs\proyek-web-horay-family\vendor\codeigniter4\framework\system\CodeIgniter.php(802): App\Controllers\Page->profile()
#6 C:\xampp\htdocs\proyek-web-horay-family\vendor\codeigniter4\framework\system\CodeIgniter.php(399): CodeIgniter\CodeIgniter->runController(Object(App\Controllers\Page))
#7 C:\xampp\htdocs\proyek-web-horay-family\vendor\codeigniter4\framework\system\CodeIgniter.php(317): CodeIgniter\CodeIgniter->handleRequest(NULL, Object(Config\Cache), false)
#8 C:\xampp\htdocs\proyek-web-horay-family\public\index.php(37): CodeIgniter\CodeIgniter->run()
#9 C:\xampp\htdocs\proyek-web-horay-family\vendor\codeigniter4\framework\system\Commands\Server\rewrite.php(43): require_once('C:\\xampp\\htdocs...')
#10 {main}
CRITICAL - 2021-11-23 00:34:20 --> Undefined variable $userInfo
#0 C:\xampp\htdocs\proyek-web-horay-family\app\Views\pages\profile.php(49): CodeIgniter\Debug\Exceptions->errorHandler(2, 'Undefined varia...', 'C:\\xampp\\htdocs...', 49)
#1 C:\xampp\htdocs\proyek-web-horay-family\vendor\codeigniter4\framework\system\View\View.php(214): include('C:\\xampp\\htdocs...')
#2 C:\xampp\htdocs\proyek-web-horay-family\vendor\codeigniter4\framework\system\View\View.php(217): CodeIgniter\View\View->CodeIgniter\View\{closure}()
#3 C:\xampp\htdocs\proyek-web-horay-family\vendor\codeigniter4\framework\system\Common.php(1092): CodeIgniter\View\View->render('pages/profile', Array, true)
#4 C:\xampp\htdocs\proyek-web-horay-family\app\Controllers\Page.php(29): view('pages/profile', Array)
#5 C:\xampp\htdocs\proyek-web-horay-family\vendor\codeigniter4\framework\system\CodeIgniter.php(802): App\Controllers\Page->profile()
#6 C:\xampp\htdocs\proyek-web-horay-family\vendor\codeigniter4\framework\system\CodeIgniter.php(399): CodeIgniter\CodeIgniter->runController(Object(App\Controllers\Page))
#7 C:\xampp\htdocs\proyek-web-horay-family\vendor\codeigniter4\framework\system\CodeIgniter.php(317): CodeIgniter\CodeIgniter->handleRequest(NULL, Object(Config\Cache), false)
#8 C:\xampp\htdocs\proyek-web-horay-family\public\index.php(37): CodeIgniter\CodeIgniter->run()
#9 C:\xampp\htdocs\proyek-web-horay-family\vendor\codeigniter4\framework\system\Commands\Server\rewrite.php(43): require_once('C:\\xampp\\htdocs...')
#10 {main}
CRITICAL - 2021-11-23 00:34:26 --> Undefined variable $userInfo
#0 C:\xampp\htdocs\proyek-web-horay-family\app\Views\pages\profile.php(49): CodeIgniter\Debug\Exceptions->errorHandler(2, 'Undefined varia...', 'C:\\xampp\\htdocs...', 49)
#1 C:\xampp\htdocs\proyek-web-horay-family\vendor\codeigniter4\framework\system\View\View.php(214): include('C:\\xampp\\htdocs...')
#2 C:\xampp\htdocs\proyek-web-horay-family\vendor\codeigniter4\framework\system\View\View.php(217): CodeIgniter\View\View->CodeIgniter\View\{closure}()
#3 C:\xampp\htdocs\proyek-web-horay-family\vendor\codeigniter4\framework\system\Common.php(1092): CodeIgniter\View\View->render('pages/profile', Array, true)
#4 C:\xampp\htdocs\proyek-web-horay-family\app\Controllers\Page.php(29): view('pages/profile', Array)
#5 C:\xampp\htdocs\proyek-web-horay-family\vendor\codeigniter4\framework\system\CodeIgniter.php(802): App\Controllers\Page->profile()
#6 C:\xampp\htdocs\proyek-web-horay-family\vendor\codeigniter4\framework\system\CodeIgniter.php(399): CodeIgniter\CodeIgniter->runController(Object(App\Controllers\Page))
#7 C:\xampp\htdocs\proyek-web-horay-family\vendor\codeigniter4\framework\system\CodeIgniter.php(317): CodeIgniter\CodeIgniter->handleRequest(NULL, Object(Config\Cache), false)
#8 C:\xampp\htdocs\proyek-web-horay-family\public\index.php(37): CodeIgniter\CodeIgniter->run()
#9 C:\xampp\htdocs\proyek-web-horay-family\vendor\codeigniter4\framework\system\Commands\Server\rewrite.php(43): require_once('C:\\xampp\\htdocs...')
#10 {main}
CRITICAL - 2021-11-23 12:50:28 --> include(C:\xampp\htdocs\proyek-web-horay-family\vendor\codeigniter4\framework\system\Debug/Toolbar/Views/toolbarloader.js): Failed to open stream: No such file or directory
#0 C:\xampp\htdocs\proyek-web-horay-family\vendor\codeigniter4\framework\system\Debug\Toolbar.php(438): CodeIgniter\Debug\Exceptions->errorHandler(2, 'include(C:\\xamp...', 'C:\\xampp\\htdocs...', 438)
#1 C:\xampp\htdocs\proyek-web-horay-family\vendor\codeigniter4\framework\system\Debug\Toolbar.php(438): include()
#2 C:\xampp\htdocs\proyek-web-horay-family\app\Config\Events.php(48): CodeIgniter\Debug\Toolbar->respond()
#3 C:\xampp\htdocs\proyek-web-horay-family\vendor\codeigniter4\framework\system\Events\Events.php(149): CodeIgniter\Events\Events::Config\{closure}()
#4 C:\xampp\htdocs\proyek-web-horay-family\vendor\codeigniter4\framework\system\CodeIgniter.php(300): CodeIgniter\Events\Events::trigger('pre_system')
#5 C:\xampp\htdocs\proyek-web-horay-family\public\index.php(37): CodeIgniter\CodeIgniter->run()
#6 C:\xampp\htdocs\proyek-web-horay-family\vendor\codeigniter4\framework\system\Commands\Server\rewrite.php(43): require_once('C:\\xampp\\htdocs...')
#7 {main}
CRITICAL - 2021-11-23 12:50:30 --> include(C:\xampp\htdocs\proyek-web-horay-family\vendor\codeigniter4\framework\system\Debug/Toolbar/Views/toolbarloader.js): Failed to open stream: No such file or directory
#0 C:\xampp\htdocs\proyek-web-horay-family\vendor\codeigniter4\framework\system\Debug\Toolbar.php(438): CodeIgniter\Debug\Exceptions->errorHandler(2, 'include(C:\\xamp...', 'C:\\xampp\\htdocs...', 438)
#1 C:\xampp\htdocs\proyek-web-horay-family\vendor\codeigniter4\framework\system\Debug\Toolbar.php(438): include()
#2 C:\xampp\htdocs\proyek-web-horay-family\app\Config\Events.php(48): CodeIgniter\Debug\Toolbar->respond()
#3 C:\xampp\htdocs\proyek-web-horay-family\vendor\codeigniter4\framework\system\Events\Events.php(149): CodeIgniter\Events\Events::Config\{closure}()
#4 C:\xampp\htdocs\proyek-web-horay-family\vendor\codeigniter4\framework\system\CodeIgniter.php(300): CodeIgniter\Events\Events::trigger('pre_system')
#5 C:\xampp\htdocs\proyek-web-horay-family\public\index.php(37): CodeIgniter\CodeIgniter->run()
#6 C:\xampp\htdocs\proyek-web-horay-family\vendor\codeigniter4\framework\system\Commands\Server\rewrite.php(43): require_once('C:\\xampp\\htdocs...')
#7 {main}
ERROR - 2021-11-23 12:50:36 --> Error connecting to the database: Unknown database 'job_vacancy'
CRITICAL - 2021-11-23 12:50:36 --> Unable to connect to the database.
Main connection [MySQLi]: Unknown database 'job_vacancy'
#0 C:\xampp\htdocs\proyek-web-horay-family\vendor\codeigniter4\framework\system\Database\BaseConnection.php(577): CodeIgniter\Database\BaseConnection->initialize()
#1 C:\xampp\htdocs\proyek-web-horay-family\vendor\codeigniter4\framework\system\Database\BaseBuilder.php(1443): CodeIgniter\Database\BaseConnection->query('SELECT 1\nFROM `...', Array, false)
#2 C:\xampp\htdocs\proyek-web-horay-family\vendor\codeigniter4\framework\system\Validation\Rules.php(116): CodeIgniter\Database\BaseBuilder->get()
#3 C:\xampp\htdocs\proyek-web-horay-family\vendor\codeigniter4\framework\system\Validation\Validation.php(277): CodeIgniter\Validation\Rules->is_not_unique('new@gmail.com', 'email', Array, NULL)
#4 C:\xampp\htdocs\proyek-web-horay-family\vendor\codeigniter4\framework\system\Validation\Validation.php(151): CodeIgniter\Validation\Validation->processRules('email', 'email', 'new@gmail.com', Array, Array)
#5 C:\xampp\htdocs\proyek-web-horay-family\vendor\codeigniter4\framework\system\Controller.php(160): CodeIgniter\Validation\Validation->run()
#6 C:\xampp\htdocs\proyek-web-horay-family\app\Controllers\Auth.php(62): CodeIgniter\Controller->validate(Array)
#7 C:\xampp\htdocs\proyek-web-horay-family\vendor\codeigniter4\framework\system\CodeIgniter.php(824): App\Controllers\Auth->check()
#8 C:\xampp\htdocs\proyek-web-horay-family\vendor\codeigniter4\framework\system\CodeIgniter.php(410): CodeIgniter\CodeIgniter->runController(Object(App\Controllers\Auth))
#9 C:\xampp\htdocs\proyek-web-horay-family\vendor\codeigniter4\framework\system\CodeIgniter.php(318): CodeIgniter\CodeIgniter->handleRequest(NULL, Object(Config\Cache), false)
#10 C:\xampp\htdocs\proyek-web-horay-family\public\index.php(37): CodeIgniter\CodeIgniter->run()
#11 C:\xampp\htdocs\proyek-web-horay-family\vendor\codeigniter4\framework\system\Commands\Server\rewrite.php(43): require_once('C:\\xampp\\htdocs...')
#12 {main}
CRITICAL - 2021-11-23 12:51:57 --> include(C:\xampp\htdocs\proyek-web-horay-family\vendor\codeigniter4\framework\system\Debug/Toolbar/Views/toolbarloader.js): Failed to open stream: No such file or directory
#0 C:\xampp\htdocs\proyek-web-horay-family\vendor\codeigniter4\framework\system\Debug\Toolbar.php(438): CodeIgniter\Debug\Exceptions->errorHandler(2, 'include(C:\\xamp...', 'C:\\xampp\\htdocs...', 438)
#1 C:\xampp\htdocs\proyek-web-horay-family\vendor\codeigniter4\framework\system\Debug\Toolbar.php(438): include()
#2 C:\xampp\htdocs\proyek-web-horay-family\app\Config\Events.php(48): CodeIgniter\Debug\Toolbar->respond()
#3 C:\xampp\htdocs\proyek-web-horay-family\vendor\codeigniter4\framework\system\Events\Events.php(149): CodeIgniter\Events\Events::Config\{closure}()
#4 C:\xampp\htdocs\proyek-web-horay-family\vendor\codeigniter4\framework\system\CodeIgniter.php(300): CodeIgniter\Events\Events::trigger('pre_system')
#5 C:\xampp\htdocs\proyek-web-horay-family\public\index.php(37): CodeIgniter\CodeIgniter->run()
#6 C:\xampp\htdocs\proyek-web-horay-family\vendor\codeigniter4\framework\system\Commands\Server\rewrite.php(43): require_once('C:\\xampp\\htdocs...')
#7 {main}
CRITICAL - 2021-11-23 12:51:59 --> include(C:\xampp\htdocs\proyek-web-horay-family\vendor\codeigniter4\framework\system\Debug/Toolbar/Views/toolbarloader.js): Failed to open stream: No such file or directory
#0 C:\xampp\htdocs\proyek-web-horay-family\vendor\codeigniter4\framework\system\Debug\Toolbar.php(438): CodeIgniter\Debug\Exceptions->errorHandler(2, 'include(C:\\xamp...', 'C:\\xampp\\htdocs...', 438)
#1 C:\xampp\htdocs\proyek-web-horay-family\vendor\codeigniter4\framework\system\Debug\Toolbar.php(438): include()
#2 C:\xampp\htdocs\proyek-web-horay-family\app\Config\Events.php(48): CodeIgniter\Debug\Toolbar->respond()
#3 C:\xampp\htdocs\proyek-web-horay-family\vendor\codeigniter4\framework\system\Events\Events.php(149): CodeIgniter\Events\Events::Config\{closure}()
#4 C:\xampp\htdocs\proyek-web-horay-family\vendor\codeigniter4\framework\system\CodeIgniter.php(300): CodeIgniter\Events\Events::trigger('pre_system')
#5 C:\xampp\htdocs\proyek-web-horay-family\public\index.php(37): CodeIgniter\CodeIgniter->run()
#6 C:\xampp\htdocs\proyek-web-horay-family\vendor\codeigniter4\framework\system\Commands\Server\rewrite.php(43): require_once('C:\\xampp\\htdocs...')
#7 {main}
CRITICAL - 2021-11-23 12:52:03 --> include(C:\xampp\htdocs\proyek-web-horay-family\vendor\codeigniter4\framework\system\Debug/Toolbar/Views/toolbarloader.js): Failed to open stream: No such file or directory
#0 C:\xampp\htdocs\proyek-web-horay-family\vendor\codeigniter4\framework\system\Debug\Toolbar.php(438): CodeIgniter\Debug\Exceptions->errorHandler(2, 'include(C:\\xamp...', 'C:\\xampp\\htdocs...', 438)
#1 C:\xampp\htdocs\proyek-web-horay-family\vendor\codeigniter4\framework\system\Debug\Toolbar.php(438): include()
#2 C:\xampp\htdocs\proyek-web-horay-family\app\Config\Events.php(48): CodeIgniter\Debug\Toolbar->respond()
#3 C:\xampp\htdocs\proyek-web-horay-family\vendor\codeigniter4\framework\system\Events\Events.php(149): CodeIgniter\Events\Events::Config\{closure}()
#4 C:\xampp\htdocs\proyek-web-horay-family\vendor\codeigniter4\framework\system\CodeIgniter.php(300): CodeIgniter\Events\Events::trigger('pre_system')
#5 C:\xampp\htdocs\proyek-web-horay-family\public\index.php(37): CodeIgniter\CodeIgniter->run()
#6 C:\xampp\htdocs\proyek-web-horay-family\vendor\codeigniter4\framework\system\Commands\Server\rewrite.php(43): require_once('C:\\xampp\\htdocs...')
#7 {main}
CRITICAL - 2021-11-23 12:52:06 --> include(C:\xampp\htdocs\proyek-web-horay-family\vendor\codeigniter4\framework\system\Debug/Toolbar/Views/toolbarloader.js): Failed to open stream: No such file or directory
#0 C:\xampp\htdocs\proyek-web-horay-family\vendor\codeigniter4\framework\system\Debug\Toolbar.php(438): CodeIgniter\Debug\Exceptions->errorHandler(2, 'include(C:\\xamp...', 'C:\\xampp\\htdocs...', 438)
#1 C:\xampp\htdocs\proyek-web-horay-family\vendor\codeigniter4\framework\system\Debug\Toolbar.php(438): include()
#2 C:\xampp\htdocs\proyek-web-horay-family\app\Config\Events.php(48): CodeIgniter\Debug\Toolbar->respond()
#3 C:\xampp\htdocs\proyek-web-horay-family\vendor\codeigniter4\framework\system\Events\Events.php(149): CodeIgniter\Events\Events::Config\{closure}()
#4 C:\xampp\htdocs\proyek-web-horay-family\vendor\codeigniter4\framework\system\CodeIgniter.php(300): CodeIgniter\Events\Events::trigger('pre_system')
#5 C:\xampp\htdocs\proyek-web-horay-family\public\index.php(37): CodeIgniter\CodeIgniter->run()
#6 C:\xampp\htdocs\proyek-web-horay-family\vendor\codeigniter4\framework\system\Commands\Server\rewrite.php(43): require_once('C:\\xampp\\htdocs...')
#7 {main}
CRITICAL - 2021-11-23 12:52:11 --> include(C:\xampp\htdocs\proyek-web-horay-family\vendor\codeigniter4\framework\system\Debug/Toolbar/Views/toolbarloader.js): Failed to open stream: No such file or directory
#0 C:\xampp\htdocs\proyek-web-horay-family\vendor\codeigniter4\framework\system\Debug\Toolbar.php(438): CodeIgniter\Debug\Exceptions->errorHandler(2, 'include(C:\\xamp...', 'C:\\xampp\\htdocs...', 438)
#1 C:\xampp\htdocs\proyek-web-horay-family\vendor\codeigniter4\framework\system\Debug\Toolbar.php(438): include()
#2 C:\xampp\htdocs\proyek-web-horay-family\app\Config\Events.php(48): CodeIgniter\Debug\Toolbar->respond()
#3 C:\xampp\htdocs\proyek-web-horay-family\vendor\codeigniter4\framework\system\Events\Events.php(149): CodeIgniter\Events\Events::Config\{closure}()
#4 C:\xampp\htdocs\proyek-web-horay-family\vendor\codeigniter4\framework\system\CodeIgniter.php(300): CodeIgniter\Events\Events::trigger('pre_system')
#5 C:\xampp\htdocs\proyek-web-horay-family\public\index.php(37): CodeIgniter\CodeIgniter->run()
#6 C:\xampp\htdocs\proyek-web-horay-family\vendor\codeigniter4\framework\system\Commands\Server\rewrite.php(43): require_once('C:\\xampp\\htdocs...')
#7 {main}
CRITICAL - 2021-11-23 12:52:11 --> include(C:\xampp\htdocs\proyek-web-horay-family\vendor\codeigniter4\framework\system\Debug/Toolbar/Views/toolbarloader.js): Failed to open stream: No such file or directory
#0 C:\xampp\htdocs\proyek-web-horay-family\vendor\codeigniter4\framework\system\Debug\Toolbar.php(438): CodeIgniter\Debug\Exceptions->errorHandler(2, 'include(C:\\xamp...', 'C:\\xampp\\htdocs...', 438)
#1 C:\xampp\htdocs\proyek-web-horay-family\vendor\codeigniter4\framework\system\Debug\Toolbar.php(438): include()
#2 C:\xampp\htdocs\proyek-web-horay-family\app\Config\Events.php(48): CodeIgniter\Debug\Toolbar->respond()
#3 C:\xampp\htdocs\proyek-web-horay-family\vendor\codeigniter4\framework\system\Events\Events.php(149): CodeIgniter\Events\Events::Config\{closure}()
#4 C:\xampp\htdocs\proyek-web-horay-family\vendor\codeigniter4\framework\system\CodeIgniter.php(300): CodeIgniter\Events\Events::trigger('pre_system')
#5 C:\xampp\htdocs\proyek-web-horay-family\public\index.php(37): CodeIgniter\CodeIgniter->run()
#6 C:\xampp\htdocs\proyek-web-horay-family\vendor\codeigniter4\framework\system\Commands\Server\rewrite.php(43): require_once('C:\\xampp\\htdocs...')
#7 {main}
CRITICAL - 2021-11-23 12:52:12 --> include(C:\xampp\htdocs\proyek-web-horay-family\vendor\codeigniter4\framework\system\Debug/Toolbar/Views/toolbarloader.js): Failed to open stream: No such file or directory
#0 C:\xampp\htdocs\proyek-web-horay-family\vendor\codeigniter4\framework\system\Debug\Toolbar.php(438): CodeIgniter\Debug\Exceptions->errorHandler(2, 'include(C:\\xamp...', 'C:\\xampp\\htdocs...', 438)
#1 C:\xampp\htdocs\proyek-web-horay-family\vendor\codeigniter4\framework\system\Debug\Toolbar.php(438): include()
#2 C:\xampp\htdocs\proyek-web-horay-family\app\Config\Events.php(48): CodeIgniter\Debug\Toolbar->respond()
#3 C:\xampp\htdocs\proyek-web-horay-family\vendor\codeigniter4\framework\system\Events\Events.php(149): CodeIgniter\Events\Events::Config\{closure}()
#4 C:\xampp\htdocs\proyek-web-horay-family\vendor\codeigniter4\framework\system\CodeIgniter.php(300): CodeIgniter\Events\Events::trigger('pre_system')
#5 C:\xampp\htdocs\proyek-web-horay-family\public\index.php(37): CodeIgniter\CodeIgniter->run()
#6 C:\xampp\htdocs\proyek-web-horay-family\vendor\codeigniter4\framework\system\Commands\Server\rewrite.php(43): require_once('C:\\xampp\\htdocs...')
#7 {main}
CRITICAL - 2021-11-23 20:06:44 --> Undefined variable $userInfo
#0 D:\Program File\xampp 2.0\htdocs\PROJECT-PEMWEB\proyek-web-horay-family\app\Views\pages\lowongan.php(29): CodeIgniter\Debug\Exceptions->errorHandler(2, 'Undefined varia...', 'D:\\Program File...', 29)
#1 D:\Program File\xampp 2.0\htdocs\PROJECT-PEMWEB\proyek-web-horay-family\vendor\codeigniter4\framework\system\View\View.php(214): include('D:\\Program File...')
#2 D:\Program File\xampp 2.0\htdocs\PROJECT-PEMWEB\proyek-web-horay-family\vendor\codeigniter4\framework\system\View\View.php(217): CodeIgniter\View\View->CodeIgniter\View\{closure}()
#3 D:\Program File\xampp 2.0\htdocs\PROJECT-PEMWEB\proyek-web-horay-family\vendor\codeigniter4\framework\system\Common.php(1097): CodeIgniter\View\View->render('pages/lowongan', Array, true)
#4 D:\Program File\xampp 2.0\htdocs\PROJECT-PEMWEB\proyek-web-horay-family\app\Controllers\Page.php(17): view('pages/lowongan')
#5 D:\Program File\xampp 2.0\htdocs\PROJECT-PEMWEB\proyek-web-horay-family\vendor\codeigniter4\framework\system\CodeIgniter.php(824): App\Controllers\Page->lowongan()
#6 D:\Program File\xampp 2.0\htdocs\PROJECT-PEMWEB\proyek-web-horay-family\vendor\codeigniter4\framework\system\CodeIgniter.php(410): CodeIgniter\CodeIgniter->runController(Object(App\Controllers\Page))
#7 D:\Program File\xampp 2.0\htdocs\PROJECT-PEMWEB\proyek-web-horay-family\vendor\codeigniter4\framework\system\CodeIgniter.php(318): CodeIgniter\CodeIgniter->handleRequest(NULL, Object(Config\Cache), false)
#8 D:\Program File\xampp 2.0\htdocs\PROJECT-PEMWEB\proyek-web-horay-family\public\index.php(37): CodeIgniter\CodeIgniter->run()
#9 D:\Program File\xampp 2.0\htdocs\PROJECT-PEMWEB\proyek-web-horay-family\vendor\codeigniter4\framework\system\Commands\Server\rewrite.php(43): require_once('D:\\Program File...')
#10 {main}
CRITICAL - 2021-11-23 20:09:47 --> Undefined variable $userInfo
#0 D:\Program File\xampp 2.0\htdocs\PROJECT-PEMWEB\proyek-web-horay-family\app\Views\pages\lowongan.php(29): CodeIgniter\Debug\Exceptions->errorHandler(2, 'Undefined varia...', 'D:\\Program File...', 29)
#1 D:\Program File\xampp 2.0\htdocs\PROJECT-PEMWEB\proyek-web-horay-family\vendor\codeigniter4\framework\system\View\View.php(214): include('D:\\Program File...')
#2 D:\Program File\xampp 2.0\htdocs\PROJECT-PEMWEB\proyek-web-horay-family\vendor\codeigniter4\framework\system\View\View.php(217): CodeIgniter\View\View->CodeIgniter\View\{closure}()
#3 D:\Program File\xampp 2.0\htdocs\PROJECT-PEMWEB\proyek-web-horay-family\vendor\codeigniter4\framework\system\Common.php(1097): CodeIgniter\View\View->render('pages/lowongan', Array, true)
#4 D:\Program File\xampp 2.0\htdocs\PROJECT-PEMWEB\proyek-web-horay-family\app\Controllers\Page.php(17): view('pages/lowongan')
#5 D:\Program File\xampp 2.0\htdocs\PROJECT-PEMWEB\proyek-web-horay-family\vendor\codeigniter4\framework\system\CodeIgniter.php(824): App\Controllers\Page->lowongan()
#6 D:\Program File\xampp 2.0\htdocs\PROJECT-PEMWEB\proyek-web-horay-family\vendor\codeigniter4\framework\system\CodeIgniter.php(410): CodeIgniter\CodeIgniter->runController(Object(App\Controllers\Page))
#7 D:\Program File\xampp 2.0\htdocs\PROJECT-PEMWEB\proyek-web-horay-family\vendor\codeigniter4\framework\system\CodeIgniter.php(318): CodeIgniter\CodeIgniter->handleRequest(NULL, Object(Config\Cache), false)
#8 D:\Program File\xampp 2.0\htdocs\PROJECT-PEMWEB\proyek-web-horay-family\public\index.php(37): CodeIgniter\CodeIgniter->run()
#9 D:\Program File\xampp 2.0\htdocs\PROJECT-PEMWEB\proyek-web-horay-family\vendor\codeigniter4\framework\system\Commands\Server\rewrite.php(43): require_once('D:\\Program File...')
#10 {main}
CRITICAL - 2021-11-23 20:10:14 --> Undefined variable $userInfo
#0 D:\Program File\xampp 2.0\htdocs\PROJECT-PEMWEB\proyek-web-horay-family\app\Views\pages\lowongan.php(29): CodeIgniter\Debug\Exceptions->errorHandler(2, 'Undefined varia...', 'D:\\Program File...', 29)
#1 D:\Program File\xampp 2.0\htdocs\PROJECT-PEMWEB\proyek-web-horay-family\vendor\codeigniter4\framework\system\View\View.php(214): include('D:\\Program File...')
#2 D:\Program File\xampp 2.0\htdocs\PROJECT-PEMWEB\proyek-web-horay-family\vendor\codeigniter4\framework\system\View\View.php(217): CodeIgniter\View\View->CodeIgniter\View\{closure}()
#3 D:\Program File\xampp 2.0\htdocs\PROJECT-PEMWEB\proyek-web-horay-family\vendor\codeigniter4\framework\system\Common.php(1097): CodeIgniter\View\View->render('pages/lowongan', Array, true)
#4 D:\Program File\xampp 2.0\htdocs\PROJECT-PEMWEB\proyek-web-horay-family\app\Controllers\Page.php(17): view('pages/lowongan')
#5 D:\Program File\xampp 2.0\htdocs\PROJECT-PEMWEB\proyek-web-horay-family\vendor\codeigniter4\framework\system\CodeIgniter.php(824): App\Controllers\Page->lowongan()
#6 D:\Program File\xampp 2.0\htdocs\PROJECT-PEMWEB\proyek-web-horay-family\vendor\codeigniter4\framework\system\CodeIgniter.php(410): CodeIgniter\CodeIgniter->runController(Object(App\Controllers\Page))
#7 D:\Program File\xampp 2.0\htdocs\PROJECT-PEMWEB\proyek-web-horay-family\vendor\codeigniter4\framework\system\CodeIgniter.php(318): CodeIgniter\CodeIgniter->handleRequest(NULL, Object(Config\Cache), false)
#8 D:\Program File\xampp 2.0\htdocs\PROJECT-PEMWEB\proyek-web-horay-family\public\index.php(37): CodeIgniter\CodeIgniter->run()
#9 D:\Program File\xampp 2.0\htdocs\PROJECT-PEMWEB\proyek-web-horay-family\vendor\codeigniter4\framework\system\Commands\Server\rewrite.php(43): require_once('D:\\Program File...')
#10 {main}
CRITICAL - 2021-11-23 20:35:52 --> Undefined variable $db
#0 D:\Program File\xampp 2.0\htdocs\PROJECT-PEMWEB\proyek-web-horay-family\app\Controllers\Page.php(17): CodeIgniter\Debug\Exceptions->errorHandler(2, 'Undefined varia...', 'D:\\Program File...', 17)
#1 D:\Program File\xampp 2.0\htdocs\PROJECT-PEMWEB\proyek-web-horay-family\vendor\codeigniter4\framework\system\CodeIgniter.php(824): App\Controllers\Page->lowongan()
#2 D:\Program File\xampp 2.0\htdocs\PROJECT-PEMWEB\proyek-web-horay-family\vendor\codeigniter4\framework\system\CodeIgniter.php(410): CodeIgniter\CodeIgniter->runController(Object(App\Controllers\Page))
#3 D:\Program File\xampp 2.0\htdocs\PROJECT-PEMWEB\proyek-web-horay-family\vendor\codeigniter4\framework\system\CodeIgniter.php(318): CodeIgniter\CodeIgniter->handleRequest(NULL, Object(Config\Cache), false)
#4 D:\Program File\xampp 2.0\htdocs\PROJECT-PEMWEB\proyek-web-horay-family\public\index.php(37): CodeIgniter\CodeIgniter->run()
#5 D:\Program File\xampp 2.0\htdocs\PROJECT-PEMWEB\proyek-web-horay-family\vendor\codeigniter4\framework\system\Commands\Server\rewrite.php(43): require_once('D:\\Program File...')
#6 {main}
CRITICAL - 2021-11-23 20:36:31 --> Object of class CodeIgniter\Database\MySQLi\Connection could not be converted to string
#0 D:\Program File\xampp 2.0\htdocs\PROJECT-PEMWEB\proyek-web-horay-family\vendor\codeigniter4\framework\system\CodeIgniter.php(824): App\Controllers\Page->lowongan()
#1 D:\Program File\xampp 2.0\htdocs\PROJECT-PEMWEB\proyek-web-horay-family\vendor\codeigniter4\framework\system\CodeIgniter.php(410): CodeIgniter\CodeIgniter->runController(Object(App\Controllers\Page))
#2 D:\Program File\xampp 2.0\htdocs\PROJECT-PEMWEB\proyek-web-horay-family\vendor\codeigniter4\framework\system\CodeIgniter.php(318): CodeIgniter\CodeIgniter->handleRequest(NULL, Object(Config\Cache), false)
#3 D:\Program File\xampp 2.0\htdocs\PROJECT-PEMWEB\proyek-web-horay-family\public\index.php(37): CodeIgniter\CodeIgniter->run()
#4 D:\Program File\xampp 2.0\htdocs\PROJECT-PEMWEB\proyek-web-horay-family\vendor\codeigniter4\framework\system\Commands\Server\rewrite.php(43): require_once('D:\\Program File...')
#5 {main}
CRITICAL - 2021-11-23 20:37:37 --> Undefined variable $db
#0 D:\Program File\xampp 2.0\htdocs\PROJECT-PEMWEB\proyek-web-horay-family\app\Controllers\Page.php(17): CodeIgniter\Debug\Exceptions->errorHandler(2, 'Undefined varia...', 'D:\\Program File...', 17)
#1 D:\Program File\xampp 2.0\htdocs\PROJECT-PEMWEB\proyek-web-horay-family\vendor\codeigniter4\framework\system\CodeIgniter.php(824): App\Controllers\Page->lowongan()
#2 D:\Program File\xampp 2.0\htdocs\PROJECT-PEMWEB\proyek-web-horay-family\vendor\codeigniter4\framework\system\CodeIgniter.php(410): CodeIgniter\CodeIgniter->runController(Object(App\Controllers\Page))
#3 D:\Program File\xampp 2.0\htdocs\PROJECT-PEMWEB\proyek-web-horay-family\vendor\codeigniter4\framework\system\CodeIgniter.php(318): CodeIgniter\CodeIgniter->handleRequest(NULL, Object(Config\Cache), false)
#4 D:\Program File\xampp 2.0\htdocs\PROJECT-PEMWEB\proyek-web-horay-family\public\index.php(37): CodeIgniter\CodeIgniter->run()
#5 D:\Program File\xampp 2.0\htdocs\PROJECT-PEMWEB\proyek-web-horay-family\vendor\codeigniter4\framework\system\Commands\Server\rewrite.php(43): require_once('D:\\Program File...')
#6 {main}
CRITICAL - 2021-11-23 20:38:28 --> Undefined property: App\Controllers\Page::$db
#0 D:\Program File\xampp 2.0\htdocs\PROJECT-PEMWEB\proyek-web-horay-family\app\Controllers\Page.php(17): CodeIgniter\Debug\Exceptions->errorHandler(2, 'Undefined prope...', 'D:\\Program File...', 17)
#1 D:\Program File\xampp 2.0\htdocs\PROJECT-PEMWEB\proyek-web-horay-family\vendor\codeigniter4\framework\system\CodeIgniter.php(824): App\Controllers\Page->lowongan()
#2 D:\Program File\xampp 2.0\htdocs\PROJECT-PEMWEB\proyek-web-horay-family\vendor\codeigniter4\framework\system\CodeIgniter.php(410): CodeIgniter\CodeIgniter->runController(Object(App\Controllers\Page))
#3 D:\Program File\xampp 2.0\htdocs\PROJECT-PEMWEB\proyek-web-horay-family\vendor\codeigniter4\framework\system\CodeIgniter.php(318): CodeIgniter\CodeIgniter->handleRequest(NULL, Object(Config\Cache), false)
#4 D:\Program File\xampp 2.0\htdocs\PROJECT-PEMWEB\proyek-web-horay-family\public\index.php(37): CodeIgniter\CodeIgniter->run()
#5 D:\Program File\xampp 2.0\htdocs\PROJECT-PEMWEB\proyek-web-horay-family\vendor\codeigniter4\framework\system\Commands\Server\rewrite.php(43): require_once('D:\\Program File...')
#6 {main}
CRITICAL - 2021-11-23 20:38:54 --> Undefined variable $db
#0 D:\Program File\xampp 2.0\htdocs\PROJECT-PEMWEB\proyek-web-horay-family\app\Controllers\Page.php(17): CodeIgniter\Debug\Exceptions->errorHandler(2, 'Undefined varia...', 'D:\\Program File...', 17)
#1 D:\Program File\xampp 2.0\htdocs\PROJECT-PEMWEB\proyek-web-horay-family\vendor\codeigniter4\framework\system\CodeIgniter.php(824): App\Controllers\Page->lowongan()
#2 D:\Program File\xampp 2.0\htdocs\PROJECT-PEMWEB\proyek-web-horay-family\vendor\codeigniter4\framework\system\CodeIgniter.php(410): CodeIgniter\CodeIgniter->runController(Object(App\Controllers\Page))
#3 D:\Program File\xampp 2.0\htdocs\PROJECT-PEMWEB\proyek-web-horay-family\vendor\codeigniter4\framework\system\CodeIgniter.php(318): CodeIgniter\CodeIgniter->handleRequest(NULL, Object(Config\Cache), false)
#4 D:\Program File\xampp 2.0\htdocs\PROJECT-PEMWEB\proyek-web-horay-family\public\index.php(37): CodeIgniter\CodeIgniter->run()
#5 D:\Program File\xampp 2.0\htdocs\PROJECT-PEMWEB\proyek-web-horay-family\vendor\codeigniter4\framework\system\Commands\Server\rewrite.php(43): require_once('D:\\Program File...')
#6 {main}
CRITICAL - 2021-11-23 20:38:58 --> Undefined variable $db
#0 D:\Program File\xampp 2.0\htdocs\PROJECT-PEMWEB\proyek-web-horay-family\app\Controllers\Page.php(17): CodeIgniter\Debug\Exceptions->errorHandler(2, 'Undefined varia...', 'D:\\Program File...', 17)
#1 D:\Program File\xampp 2.0\htdocs\PROJECT-PEMWEB\proyek-web-horay-family\vendor\codeigniter4\framework\system\CodeIgniter.php(824): App\Controllers\Page->lowongan()
#2 D:\Program File\xampp 2.0\htdocs\PROJECT-PEMWEB\proyek-web-horay-family\vendor\codeigniter4\framework\system\CodeIgniter.php(410): CodeIgniter\CodeIgniter->runController(Object(App\Controllers\Page))
#3 D:\Program File\xampp 2.0\htdocs\PROJECT-PEMWEB\proyek-web-horay-family\vendor\codeigniter4\framework\system\CodeIgniter.php(318): CodeIgniter\CodeIgniter->handleRequest(NULL, Object(Config\Cache), false)
#4 D:\Program File\xampp 2.0\htdocs\PROJECT-PEMWEB\proyek-web-horay-family\public\index.php(37): CodeIgniter\CodeIgniter->run()
#5 D:\Program File\xampp 2.0\htdocs\PROJECT-PEMWEB\proyek-web-horay-family\vendor\codeigniter4\framework\system\Commands\Server\rewrite.php(43): require_once('D:\\Program File...')
#6 {main}
CRITICAL - 2021-11-23 20:39:37 --> Undefined variable $lowongan
#0 D:\Program File\xampp 2.0\htdocs\PROJECT-PEMWEB\proyek-web-horay-family\app\Views\pages\lowongan.php(40): CodeIgniter\Debug\Exceptions->errorHandler(2, 'Undefined varia...', 'D:\\Program File...', 40)
#1 D:\Program File\xampp 2.0\htdocs\PROJECT-PEMWEB\proyek-web-horay-family\vendor\codeigniter4\framework\system\View\View.php(214): include('D:\\Program File...')
#2 D:\Program File\xampp 2.0\htdocs\PROJECT-PEMWEB\proyek-web-horay-family\vendor\codeigniter4\framework\system\View\View.php(217): CodeIgniter\View\View->CodeIgniter\View\{closure}()
#3 D:\Program File\xampp 2.0\htdocs\PROJECT-PEMWEB\proyek-web-horay-family\vendor\codeigniter4\framework\system\Common.php(1097): CodeIgniter\View\View->render('pages/lowongan', Array, true)
#4 D:\Program File\xampp 2.0\htdocs\PROJECT-PEMWEB\proyek-web-horay-family\app\Controllers\Page.php(28): view('pages/lowongan', Array)
#5 D:\Program File\xampp 2.0\htdocs\PROJECT-PEMWEB\proyek-web-horay-family\vendor\codeigniter4\framework\system\CodeIgniter.php(824): App\Controllers\Page->lowongan()
#6 D:\Program File\xampp 2.0\htdocs\PROJECT-PEMWEB\proyek-web-horay-family\vendor\codeigniter4\framework\system\CodeIgniter.php(410): CodeIgniter\CodeIgniter->runController(Object(App\Controllers\Page))
#7 D:\Program File\xampp 2.0\htdocs\PROJECT-PEMWEB\proyek-web-horay-family\vendor\codeigniter4\framework\system\CodeIgniter.php(318): CodeIgniter\CodeIgniter->handleRequest(NULL, Object(Config\Cache), false)
#8 D:\Program File\xampp 2.0\htdocs\PROJECT-PEMWEB\proyek-web-horay-family\public\index.php(37): CodeIgniter\CodeIgniter->run()
#9 D:\Program File\xampp 2.0\htdocs\PROJECT-PEMWEB\proyek-web-horay-family\vendor\codeigniter4\framework\system\Commands\Server\rewrite.php(43): require_once('D:\\Program File...')
#10 {main}
CRITICAL - 2021-11-23 20:40:06 --> Undefined variable $lowongan
#0 D:\Program File\xampp 2.0\htdocs\PROJECT-PEMWEB\proyek-web-horay-family\app\Views\pages\lowongan.php(40): CodeIgniter\Debug\Exceptions->errorHandler(2, 'Undefined varia...', 'D:\\Program File...', 40)
#1 D:\Program File\xampp 2.0\htdocs\PROJECT-PEMWEB\proyek-web-horay-family\vendor\codeigniter4\framework\system\View\View.php(214): include('D:\\Program File...')
#2 D:\Program File\xampp 2.0\htdocs\PROJECT-PEMWEB\proyek-web-horay-family\vendor\codeigniter4\framework\system\View\View.php(217): CodeIgniter\View\View->CodeIgniter\View\{closure}()
#3 D:\Program File\xampp 2.0\htdocs\PROJECT-PEMWEB\proyek-web-horay-family\vendor\codeigniter4\framework\system\Common.php(1097): CodeIgniter\View\View->render('pages/lowongan', Array, true)
#4 D:\Program File\xampp 2.0\htdocs\PROJECT-PEMWEB\proyek-web-horay-family\app\Controllers\Page.php(28): view('pages/lowongan', Array, Array)
#5 D:\Program File\xampp 2.0\htdocs\PROJECT-PEMWEB\proyek-web-horay-family\vendor\codeigniter4\framework\system\CodeIgniter.php(824): App\Controllers\Page->lowongan()
#6 D:\Program File\xampp 2.0\htdocs\PROJECT-PEMWEB\proyek-web-horay-family\vendor\codeigniter4\framework\system\CodeIgniter.php(410): CodeIgniter\CodeIgniter->runController(Object(App\Controllers\Page))
#7 D:\Program File\xampp 2.0\htdocs\PROJECT-PEMWEB\proyek-web-horay-family\vendor\codeigniter4\framework\system\CodeIgniter.php(318): CodeIgniter\CodeIgniter->handleRequest(NULL, Object(Config\Cache), false)
#8 D:\Program File\xampp 2.0\htdocs\PROJECT-PEMWEB\proyek-web-horay-family\public\index.php(37): CodeIgniter\CodeIgniter->run()
#9 D:\Program File\xampp 2.0\htdocs\PROJECT-PEMWEB\proyek-web-horay-family\vendor\codeigniter4\framework\system\Commands\Server\rewrite.php(43): require_once('D:\\Program File...')
#10 {main}
CRITICAL - 2021-11-23 20:40:44 --> Undefined variable $key
#0 D:\Program File\xampp 2.0\htdocs\PROJECT-PEMWEB\proyek-web-horay-family\app\Views\pages\lowongan.php(40): CodeIgniter\Debug\Exceptions->errorHandler(2, 'Undefined varia...', 'D:\\Program File...', 40)
#1 D:\Program File\xampp 2.0\htdocs\PROJECT-PEMWEB\proyek-web-horay-family\vendor\codeigniter4\framework\system\View\View.php(214): include('D:\\Program File...')
#2 D:\Program File\xampp 2.0\htdocs\PROJECT-PEMWEB\proyek-web-horay-family\vendor\codeigniter4\framework\system\View\View.php(217): CodeIgniter\View\View->CodeIgniter\View\{closure}()
#3 D:\Program File\xampp 2.0\htdocs\PROJECT-PEMWEB\proyek-web-horay-family\vendor\codeigniter4\framework\system\Common.php(1097): CodeIgniter\View\View->render('pages/lowongan', Array, true)
#4 D:\Program File\xampp 2.0\htdocs\PROJECT-PEMWEB\proyek-web-horay-family\app\Controllers\Page.php(28): view('pages/lowongan', Array, Array)
#5 D:\Program File\xampp 2.0\htdocs\PROJECT-PEMWEB\proyek-web-horay-family\vendor\codeigniter4\framework\system\CodeIgniter.php(824): App\Controllers\Page->lowongan()
#6 D:\Program File\xampp 2.0\htdocs\PROJECT-PEMWEB\proyek-web-horay-family\vendor\codeigniter4\framework\system\CodeIgniter.php(410): CodeIgniter\CodeIgniter->runController(Object(App\Controllers\Page))
#7 D:\Program File\xampp 2.0\htdocs\PROJECT-PEMWEB\proyek-web-horay-family\vendor\codeigniter4\framework\system\CodeIgniter.php(318): CodeIgniter\CodeIgniter->handleRequest(NULL, Object(Config\Cache), false)
#8 D:\Program File\xampp 2.0\htdocs\PROJECT-PEMWEB\proyek-web-horay-family\public\index.php(37): CodeIgniter\CodeIgniter->run()
#9 D:\Program File\xampp 2.0\htdocs\PROJECT-PEMWEB\proyek-web-horay-family\vendor\codeigniter4\framework\system\Commands\Server\rewrite.php(43): require_once('D:\\Program File...')
#10 {main}
CRITICAL - 2021-11-23 20:40:46 --> Undefined variable $key
#0 D:\Program File\xampp 2.0\htdocs\PROJECT-PEMWEB\proyek-web-horay-family\app\Views\pages\lowongan.php(40): CodeIgniter\Debug\Exceptions->errorHandler(2, 'Undefined varia...', 'D:\\Program File...', 40)
#1 D:\Program File\xampp 2.0\htdocs\PROJECT-PEMWEB\proyek-web-horay-family\vendor\codeigniter4\framework\system\View\View.php(214): include('D:\\Program File...')
#2 D:\Program File\xampp 2.0\htdocs\PROJECT-PEMWEB\proyek-web-horay-family\vendor\codeigniter4\framework\system\View\View.php(217): CodeIgniter\View\View->CodeIgniter\View\{closure}()
#3 D:\Program File\xampp 2.0\htdocs\PROJECT-PEMWEB\proyek-web-horay-family\vendor\codeigniter4\framework\system\Common.php(1097): CodeIgniter\View\View->render('pages/lowongan', Array, true)
#4 D:\Program File\xampp 2.0\htdocs\PROJECT-PEMWEB\proyek-web-horay-family\app\Controllers\Page.php(28): view('pages/lowongan', Array, Array)
#5 D:\Program File\xampp 2.0\htdocs\PROJECT-PEMWEB\proyek-web-horay-family\vendor\codeigniter4\framework\system\CodeIgniter.php(824): App\Controllers\Page->lowongan()
#6 D:\Program File\xampp 2.0\htdocs\PROJECT-PEMWEB\proyek-web-horay-family\vendor\codeigniter4\framework\system\CodeIgniter.php(410): CodeIgniter\CodeIgniter->runController(Object(App\Controllers\Page))
#7 D:\Program File\xampp 2.0\htdocs\PROJECT-PEMWEB\proyek-web-horay-family\vendor\codeigniter4\framework\system\CodeIgniter.php(318): CodeIgniter\CodeIgniter->handleRequest(NULL, Object(Config\Cache), false)
#8 D:\Program File\xampp 2.0\htdocs\PROJECT-PEMWEB\proyek-web-horay-family\public\index.php(37): CodeIgniter\CodeIgniter->run()
#9 D:\Program File\xampp 2.0\htdocs\PROJECT-PEMWEB\proyek-web-horay-family\vendor\codeigniter4\framework\system\Commands\Server\rewrite.php(43): require_once('D:\\Program File...')
#10 {main}
CRITICAL - 2021-11-23 20:42:26 --> Undefined variable $db
#0 D:\Program File\xampp 2.0\htdocs\PROJECT-PEMWEB\proyek-web-horay-family\app\Controllers\Page.php(17): CodeIgniter\Debug\Exceptions->errorHandler(2, 'Undefined varia...', 'D:\\Program File...', 17)
#1 D:\Program File\xampp 2.0\htdocs\PROJECT-PEMWEB\proyek-web-horay-family\vendor\codeigniter4\framework\system\CodeIgniter.php(824): App\Controllers\Page->lowongan()
#2 D:\Program File\xampp 2.0\htdocs\PROJECT-PEMWEB\proyek-web-horay-family\vendor\codeigniter4\framework\system\CodeIgniter.php(410): CodeIgniter\CodeIgniter->runController(Object(App\Controllers\Page))
#3 D:\Program File\xampp 2.0\htdocs\PROJECT-PEMWEB\proyek-web-horay-family\vendor\codeigniter4\framework\system\CodeIgniter.php(318): CodeIgniter\CodeIgniter->handleRequest(NULL, Object(Config\Cache), false)
#4 D:\Program File\xampp 2.0\htdocs\PROJECT-PEMWEB\proyek-web-horay-family\public\index.php(37): CodeIgniter\CodeIgniter->run()
#5 D:\Program File\xampp 2.0\htdocs\PROJECT-PEMWEB\proyek-web-horay-family\vendor\codeigniter4\framework\system\Commands\Server\rewrite.php(43): require_once('D:\\Program File...')
#6 {main}
CRITICAL - 2021-11-23 20:43:14 --> Undefined variable $key
#0 D:\Program File\xampp 2.0\htdocs\PROJECT-PEMWEB\proyek-web-horay-family\app\Views\pages\lowongan.php(40): CodeIgniter\Debug\Exceptions->errorHandler(2, 'Undefined varia...', 'D:\\Program File...', 40)
#1 D:\Program File\xampp 2.0\htdocs\PROJECT-PEMWEB\proyek-web-horay-family\vendor\codeigniter4\framework\system\View\View.php(214): include('D:\\Program File...')
#2 D:\Program File\xampp 2.0\htdocs\PROJECT-PEMWEB\proyek-web-horay-family\vendor\codeigniter4\framework\system\View\View.php(217): CodeIgniter\View\View->CodeIgniter\View\{closure}()
#3 D:\Program File\xampp 2.0\htdocs\PROJECT-PEMWEB\proyek-web-horay-family\vendor\codeigniter4\framework\system\Common.php(1097): CodeIgniter\View\View->render('pages/lowongan', Array, true)
#4 D:\Program File\xampp 2.0\htdocs\PROJECT-PEMWEB\proyek-web-horay-family\app\Controllers\Page.php(27): view('pages/lowongan', Array, Array)
#5 D:\Program File\xampp 2.0\htdocs\PROJECT-PEMWEB\proyek-web-horay-family\vendor\codeigniter4\framework\system\CodeIgniter.php(824): App\Controllers\Page->lowongan()
#6 D:\Program File\xampp 2.0\htdocs\PROJECT-PEMWEB\proyek-web-horay-family\vendor\codeigniter4\framework\system\CodeIgniter.php(410): CodeIgniter\CodeIgniter->runController(Object(App\Controllers\Page))
#7 D:\Program File\xampp 2.0\htdocs\PROJECT-PEMWEB\proyek-web-horay-family\vendor\codeigniter4\framework\system\CodeIgniter.php(318): CodeIgniter\CodeIgniter->handleRequest(NULL, Object(Config\Cache), false)
#8 D:\Program File\xampp 2.0\htdocs\PROJECT-PEMWEB\proyek-web-horay-family\public\index.php(37): CodeIgniter\CodeIgniter->run()
#9 D:\Program File\xampp 2.0\htdocs\PROJECT-PEMWEB\proyek-web-horay-family\vendor\codeigniter4\framework\system\Commands\Server\rewrite.php(43): require_once('D:\\Program File...')
#10 {main}
CRITICAL - 2021-11-23 20:44:12 --> Undefined variable $key
#0 D:\Program File\xampp 2.0\htdocs\PROJECT-PEMWEB\proyek-web-horay-family\app\Views\pages\lowongan.php(40): CodeIgniter\Debug\Exceptions->errorHandler(2, 'Undefined varia...', 'D:\\Program File...', 40)
#1 D:\Program File\xampp 2.0\htdocs\PROJECT-PEMWEB\proyek-web-horay-family\vendor\codeigniter4\framework\system\View\View.php(214): include('D:\\Program File...')
#2 D:\Program File\xampp 2.0\htdocs\PROJECT-PEMWEB\proyek-web-horay-family\vendor\codeigniter4\framework\system\View\View.php(217): CodeIgniter\View\View->CodeIgniter\View\{closure}()
#3 D:\Program File\xampp 2.0\htdocs\PROJECT-PEMWEB\proyek-web-horay-family\vendor\codeigniter4\framework\system\Common.php(1097): CodeIgniter\View\View->render('pages/lowongan', Array, true)
#4 D:\Program File\xampp 2.0\htdocs\PROJECT-PEMWEB\proyek-web-horay-family\app\Controllers\Page.php(27): view('pages/lowongan', Array, Array)
#5 D:\Program File\xampp 2.0\htdocs\PROJECT-PEMWEB\proyek-web-horay-family\vendor\codeigniter4\framework\system\CodeIgniter.php(824): App\Controllers\Page->lowongan()
#6 D:\Program File\xampp 2.0\htdocs\PROJECT-PEMWEB\proyek-web-horay-family\vendor\codeigniter4\framework\system\CodeIgniter.php(410): CodeIgniter\CodeIgniter->runController(Object(App\Controllers\Page))
#7 D:\Program File\xampp 2.0\htdocs\PROJECT-PEMWEB\proyek-web-horay-family\vendor\codeigniter4\framework\system\CodeIgniter.php(318): CodeIgniter\CodeIgniter->handleRequest(NULL, Object(Config\Cache), false)
#8 D:\Program File\xampp 2.0\htdocs\PROJECT-PEMWEB\proyek-web-horay-family\public\index.php(37): CodeIgniter\CodeIgniter->run()
#9 D:\Program File\xampp 2.0\htdocs\PROJECT-PEMWEB\proyek-web-horay-family\vendor\codeigniter4\framework\system\Commands\Server\rewrite.php(43): require_once('D:\\Program File...')
#10 {main}
CRITICAL - 2021-11-23 20:45:24 --> Undefined variable $key
#0 D:\Program File\xampp 2.0\htdocs\PROJECT-PEMWEB\proyek-web-horay-family\app\Views\pages\lowongan.php(40): CodeIgniter\Debug\Exceptions->errorHandler(2, 'Undefined varia...', 'D:\\Program File...', 40)
#1 D:\Program File\xampp 2.0\htdocs\PROJECT-PEMWEB\proyek-web-horay-family\vendor\codeigniter4\framework\system\View\View.php(214): include('D:\\Program File...')
#2 D:\Program File\xampp 2.0\htdocs\PROJECT-PEMWEB\proyek-web-horay-family\vendor\codeigniter4\framework\system\View\View.php(217): CodeIgniter\View\View->CodeIgniter\View\{closure}()
#3 D:\Program File\xampp 2.0\htdocs\PROJECT-PEMWEB\proyek-web-horay-family\vendor\codeigniter4\framework\system\Common.php(1097): CodeIgniter\View\View->render('pages/lowongan', Array, true)
#4 D:\Program File\xampp 2.0\htdocs\PROJECT-PEMWEB\proyek-web-horay-family\app\Controllers\Page.php(27): view('pages/lowongan', Array, Array)
#5 D:\Program File\xampp 2.0\htdocs\PROJECT-PEMWEB\proyek-web-horay-family\vendor\codeigniter4\framework\system\CodeIgniter.php(824): App\Controllers\Page->lowongan()
#6 D:\Program File\xampp 2.0\htdocs\PROJECT-PEMWEB\proyek-web-horay-family\vendor\codeigniter4\framework\system\CodeIgniter.php(410): CodeIgniter\CodeIgniter->runController(Object(App\Controllers\Page))
#7 D:\Program File\xampp 2.0\htdocs\PROJECT-PEMWEB\proyek-web-horay-family\vendor\codeigniter4\framework\system\CodeIgniter.php(318): CodeIgniter\CodeIgniter->handleRequest(NULL, Object(Config\Cache), false)
#8 D:\Program File\xampp 2.0\htdocs\PROJECT-PEMWEB\proyek-web-horay-family\public\index.php(37): CodeIgniter\CodeIgniter->run()
#9 D:\Program File\xampp 2.0\htdocs\PROJECT-PEMWEB\proyek-web-horay-family\vendor\codeigniter4\framework\system\Commands\Server\rewrite.php(43): require_once('D:\\Program File...')
#10 {main}
CRITICAL - 2021-11-23 20:46:25 --> Undefined variable $key
#0 D:\Program File\xampp 2.0\htdocs\PROJECT-PEMWEB\proyek-web-horay-family\app\Views\pages\lowongan.php(40): CodeIgniter\Debug\Exceptions->errorHandler(2, 'Undefined varia...', 'D:\\Program File...', 40)
#1 D:\Program File\xampp 2.0\htdocs\PROJECT-PEMWEB\proyek-web-horay-family\vendor\codeigniter4\framework\system\View\View.php(214): include('D:\\Program File...')
#2 D:\Program File\xampp 2.0\htdocs\PROJECT-PEMWEB\proyek-web-horay-family\vendor\codeigniter4\framework\system\View\View.php(217): CodeIgniter\View\View->CodeIgniter\View\{closure}()
#3 D:\Program File\xampp 2.0\htdocs\PROJECT-PEMWEB\proyek-web-horay-family\vendor\codeigniter4\framework\system\Common.php(1097): CodeIgniter\View\View->render('pages/lowongan', Array, true)
#4 D:\Program File\xampp 2.0\htdocs\PROJECT-PEMWEB\proyek-web-horay-family\app\Controllers\Page.php(27): view('pages/lowongan', Array)
#5 D:\Program File\xampp 2.0\htdocs\PROJECT-PEMWEB\proyek-web-horay-family\vendor\codeigniter4\framework\system\CodeIgniter.php(824): App\Controllers\Page->lowongan()
#6 D:\Program File\xampp 2.0\htdocs\PROJECT-PEMWEB\proyek-web-horay-family\vendor\codeigniter4\framework\system\CodeIgniter.php(410): CodeIgniter\CodeIgniter->runController(Object(App\Controllers\Page))
#7 D:\Program File\xampp 2.0\htdocs\PROJECT-PEMWEB\proyek-web-horay-family\vendor\codeigniter4\framework\system\CodeIgniter.php(318): CodeIgniter\CodeIgniter->handleRequest(NULL, Object(Config\Cache), false)
#8 D:\Program File\xampp 2.0\htdocs\PROJECT-PEMWEB\proyek-web-horay-family\public\index.php(37): CodeIgniter\CodeIgniter->run()
#9 D:\Program File\xampp 2.0\htdocs\PROJECT-PEMWEB\proyek-web-horay-family\vendor\codeigniter4\framework\system\Commands\Server\rewrite.php(43): require_once('D:\\Program File...')
#10 {main}
CRITICAL - 2021-11-23 20:47:04 --> Undefined variable $lowongan
#0 D:\Program File\xampp 2.0\htdocs\PROJECT-PEMWEB\proyek-web-horay-family\app\Controllers\Page.php(19): CodeIgniter\Debug\Exceptions->errorHandler(2, 'Undefined varia...', 'D:\\Program File...', 19)
#1 D:\Program File\xampp 2.0\htdocs\PROJECT-PEMWEB\proyek-web-horay-family\vendor\codeigniter4\framework\system\CodeIgniter.php(824): App\Controllers\Page->lowongan()
#2 D:\Program File\xampp 2.0\htdocs\PROJECT-PEMWEB\proyek-web-horay-family\vendor\codeigniter4\framework\system\CodeIgniter.php(410): CodeIgniter\CodeIgniter->runController(Object(App\Controllers\Page))
#3 D:\Program File\xampp 2.0\htdocs\PROJECT-PEMWEB\proyek-web-horay-family\vendor\codeigniter4\framework\system\CodeIgniter.php(318): CodeIgniter\CodeIgniter->handleRequest(NULL, Object(Config\Cache), false)
#4 D:\Program File\xampp 2.0\htdocs\PROJECT-PEMWEB\proyek-web-horay-family\public\index.php(37): CodeIgniter\CodeIgniter->run()
#5 D:\Program File\xampp 2.0\htdocs\PROJECT-PEMWEB\proyek-web-horay-family\vendor\codeigniter4\framework\system\Commands\Server\rewrite.php(43): require_once('D:\\Program File...')
#6 {main}
CRITICAL - 2021-11-23 20:47:33 --> Undefined variable $lowongan
#0 D:\Program File\xampp 2.0\htdocs\PROJECT-PEMWEB\proyek-web-horay-family\app\Views\pages\lowongan.php(40): CodeIgniter\Debug\Exceptions->errorHandler(2, 'Undefined varia...', 'D:\\Program File...', 40)
#1 D:\Program File\xampp 2.0\htdocs\PROJECT-PEMWEB\proyek-web-horay-family\vendor\codeigniter4\framework\system\View\View.php(214): include('D:\\Program File...')
#2 D:\Program File\xampp 2.0\htdocs\PROJECT-PEMWEB\proyek-web-horay-family\vendor\codeigniter4\framework\system\View\View.php(217): CodeIgniter\View\View->CodeIgniter\View\{closure}()
#3 D:\Program File\xampp 2.0\htdocs\PROJECT-PEMWEB\proyek-web-horay-family\vendor\codeigniter4\framework\system\Common.php(1097): CodeIgniter\View\View->render('pages/lowongan', Array, true)
#4 D:\Program File\xampp 2.0\htdocs\PROJECT-PEMWEB\proyek-web-horay-family\app\Controllers\Page.php(27): view('pages/lowongan', Array)
#5 D:\Program File\xampp 2.0\htdocs\PROJECT-PEMWEB\proyek-web-horay-family\vendor\codeigniter4\framework\system\CodeIgniter.php(824): App\Controllers\Page->lowongan()
#6 D:\Program File\xampp 2.0\htdocs\PROJECT-PEMWEB\proyek-web-horay-family\vendor\codeigniter4\framework\system\CodeIgniter.php(410): CodeIgniter\CodeIgniter->runController(Object(App\Controllers\Page))
#7 D:\Program File\xampp 2.0\htdocs\PROJECT-PEMWEB\proyek-web-horay-family\vendor\codeigniter4\framework\system\CodeIgniter.php(318): CodeIgniter\CodeIgniter->handleRequest(NULL, Object(Config\Cache), false)
#8 D:\Program File\xampp 2.0\htdocs\PROJECT-PEMWEB\proyek-web-horay-family\public\index.php(37): CodeIgniter\CodeIgniter->run()
#9 D:\Program File\xampp 2.0\htdocs\PROJECT-PEMWEB\proyek-web-horay-family\vendor\codeigniter4\framework\system\Commands\Server\rewrite.php(43): require_once('D:\\Program File...')
#10 {main}
CRITICAL - 2021-11-23 20:47:51 --> Undefined variable $query
#0 D:\Program File\xampp 2.0\htdocs\PROJECT-PEMWEB\proyek-web-horay-family\app\Views\pages\lowongan.php(40): CodeIgniter\Debug\Exceptions->errorHandler(2, 'Undefined varia...', 'D:\\Program File...', 40)
#1 D:\Program File\xampp 2.0\htdocs\PROJECT-PEMWEB\proyek-web-horay-family\vendor\codeigniter4\framework\system\View\View.php(214): include('D:\\Program File...')
#2 D:\Program File\xampp 2.0\htdocs\PROJECT-PEMWEB\proyek-web-horay-family\vendor\codeigniter4\framework\system\View\View.php(217): CodeIgniter\View\View->CodeIgniter\View\{closure}()
#3 D:\Program File\xampp 2.0\htdocs\PROJECT-PEMWEB\proyek-web-horay-family\vendor\codeigniter4\framework\system\Common.php(1097): CodeIgniter\View\View->render('pages/lowongan', Array, true)
#4 D:\Program File\xampp 2.0\htdocs\PROJECT-PEMWEB\proyek-web-horay-family\app\Controllers\Page.php(27): view('pages/lowongan', Array)
#5 D:\Program File\xampp 2.0\htdocs\PROJECT-PEMWEB\proyek-web-horay-family\vendor\codeigniter4\framework\system\CodeIgniter.php(824): App\Controllers\Page->lowongan()
#6 D:\Program File\xampp 2.0\htdocs\PROJECT-PEMWEB\proyek-web-horay-family\vendor\codeigniter4\framework\system\CodeIgniter.php(410): CodeIgniter\CodeIgniter->runController(Object(App\Controllers\Page))
#7 D:\Program File\xampp 2.0\htdocs\PROJECT-PEMWEB\proyek-web-horay-family\vendor\codeigniter4\framework\system\CodeIgniter.php(318): CodeIgniter\CodeIgniter->handleRequest(NULL, Object(Config\Cache), false)
#8 D:\Program File\xampp 2.0\htdocs\PROJECT-PEMWEB\proyek-web-horay-family\public\index.php(37): CodeIgniter\CodeIgniter->run()
#9 D:\Program File\xampp 2.0\htdocs\PROJECT-PEMWEB\proyek-web-horay-family\vendor\codeigniter4\framework\system\Commands\Server\rewrite.php(43): require_once('D:\\Program File...')
#10 {main}
CRITICAL - 2021-11-23 20:47:54 --> Undefined variable $query
#0 D:\Program File\xampp 2.0\htdocs\PROJECT-PEMWEB\proyek-web-horay-family\app\Views\pages\lowongan.php(40): CodeIgniter\Debug\Exceptions->errorHandler(2, 'Undefined varia...', 'D:\\Program File...', 40)
#1 D:\Program File\xampp 2.0\htdocs\PROJECT-PEMWEB\proyek-web-horay-family\vendor\codeigniter4\framework\system\View\View.php(214): include('D:\\Program File...')
#2 D:\Program File\xampp 2.0\htdocs\PROJECT-PEMWEB\proyek-web-horay-family\vendor\codeigniter4\framework\system\View\View.php(217): CodeIgniter\View\View->CodeIgniter\View\{closure}()
#3 D:\Program File\xampp 2.0\htdocs\PROJECT-PEMWEB\proyek-web-horay-family\vendor\codeigniter4\framework\system\Common.php(1097): CodeIgniter\View\View->render('pages/lowongan', Array, true)
#4 D:\Program File\xampp 2.0\htdocs\PROJECT-PEMWEB\proyek-web-horay-family\app\Controllers\Page.php(27): view('pages/lowongan', Array)
#5 D:\Program File\xampp 2.0\htdocs\PROJECT-PEMWEB\proyek-web-horay-family\vendor\codeigniter4\framework\system\CodeIgniter.php(824): App\Controllers\Page->lowongan()
#6 D:\Program File\xampp 2.0\htdocs\PROJECT-PEMWEB\proyek-web-horay-family\vendor\codeigniter4\framework\system\CodeIgniter.php(410): CodeIgniter\CodeIgniter->runController(Object(App\Controllers\Page))
#7 D:\Program File\xampp 2.0\htdocs\PROJECT-PEMWEB\proyek-web-horay-family\vendor\codeigniter4\framework\system\CodeIgniter.php(318): CodeIgniter\CodeIgniter->handleRequest(NULL, Object(Config\Cache), false)
#8 D:\Program File\xampp 2.0\htdocs\PROJECT-PEMWEB\proyek-web-horay-family\public\index.php(37): CodeIgniter\CodeIgniter->run()
#9 D:\Program File\xampp 2.0\htdocs\PROJECT-PEMWEB\proyek-web-horay-family\vendor\codeigniter4\framework\system\Commands\Server\rewrite.php(43): require_once('D:\\Program File...')
#10 {main}
CRITICAL - 2021-11-23 20:49:49 --> Undefined variable $lowongan
#0 D:\Program File\xampp 2.0\htdocs\PROJECT-PEMWEB\proyek-web-horay-family\app\Views\pages\lowongan.php(40): CodeIgniter\Debug\Exceptions->errorHandler(2, 'Undefined varia...', 'D:\\Program File...', 40)
#1 D:\Program File\xampp 2.0\htdocs\PROJECT-PEMWEB\proyek-web-horay-family\vendor\codeigniter4\framework\system\View\View.php(214): include('D:\\Program File...')
#2 D:\Program File\xampp 2.0\htdocs\PROJECT-PEMWEB\proyek-web-horay-family\vendor\codeigniter4\framework\system\View\View.php(217): CodeIgniter\View\View->CodeIgniter\View\{closure}()
#3 D:\Program File\xampp 2.0\htdocs\PROJECT-PEMWEB\proyek-web-horay-family\vendor\codeigniter4\framework\system\Common.php(1097): CodeIgniter\View\View->render('pages/lowongan', Array, true)
#4 D:\Program File\xampp 2.0\htdocs\PROJECT-PEMWEB\proyek-web-horay-family\app\Controllers\Page.php(27): view('pages/lowongan', Array)
#5 D:\Program File\xampp 2.0\htdocs\PROJECT-PEMWEB\proyek-web-horay-family\vendor\codeigniter4\framework\system\CodeIgniter.php(824): App\Controllers\Page->lowongan()
#6 D:\Program File\xampp 2.0\htdocs\PROJECT-PEMWEB\proyek-web-horay-family\vendor\codeigniter4\framework\system\CodeIgniter.php(410): CodeIgniter\CodeIgniter->runController(Object(App\Controllers\Page))
#7 D:\Program File\xampp 2.0\htdocs\PROJECT-PEMWEB\proyek-web-horay-family\vendor\codeigniter4\framework\system\CodeIgniter.php(318): CodeIgniter\CodeIgniter->handleRequest(NULL, Object(Config\Cache), false)
#8 D:\Program File\xampp 2.0\htdocs\PROJECT-PEMWEB\proyek-web-horay-family\public\index.php(37): CodeIgniter\CodeIgniter->run()
#9 D:\Program File\xampp 2.0\htdocs\PROJECT-PEMWEB\proyek-web-horay-family\vendor\codeigniter4\framework\system\Commands\Server\rewrite.php(43): require_once('D:\\Program File...')
#10 {main}
CRITICAL - 2021-11-23 20:50:43 --> Undefined variable $lowongan
#0 D:\Program File\xampp 2.0\htdocs\PROJECT-PEMWEB\proyek-web-horay-family\app\Views\pages\lowongan.php(40): CodeIgniter\Debug\Exceptions->errorHandler(2, 'Undefined varia...', 'D:\\Program File...', 40)
#1 D:\Program File\xampp 2.0\htdocs\PROJECT-PEMWEB\proyek-web-horay-family\vendor\codeigniter4\framework\system\View\View.php(214): include('D:\\Program File...')
#2 D:\Program File\xampp 2.0\htdocs\PROJECT-PEMWEB\proyek-web-horay-family\vendor\codeigniter4\framework\system\View\View.php(217): CodeIgniter\View\View->CodeIgniter\View\{closure}()
#3 D:\Program File\xampp 2.0\htdocs\PROJECT-PEMWEB\proyek-web-horay-family\vendor\codeigniter4\framework\system\Common.php(1097): CodeIgniter\View\View->render('pages/lowongan', Array, true)
#4 D:\Program File\xampp 2.0\htdocs\PROJECT-PEMWEB\proyek-web-horay-family\app\Controllers\Page.php(27): view('pages/lowongan', Array)
#5 D:\Program File\xampp 2.0\htdocs\PROJECT-PEMWEB\proyek-web-horay-family\vendor\codeigniter4\framework\system\CodeIgniter.php(824): App\Controllers\Page->lowongan()
#6 D:\Program File\xampp 2.0\htdocs\PROJECT-PEMWEB\proyek-web-horay-family\vendor\codeigniter4\framework\system\CodeIgniter.php(410): CodeIgniter\CodeIgniter->runController(Object(App\Controllers\Page))
#7 D:\Program File\xampp 2.0\htdocs\PROJECT-PEMWEB\proyek-web-horay-family\vendor\codeigniter4\framework\system\CodeIgniter.php(318): CodeIgniter\CodeIgniter->handleRequest(NULL, Object(Config\Cache), false)
#8 D:\Program File\xampp 2.0\htdocs\PROJECT-PEMWEB\proyek-web-horay-family\public\index.php(37): CodeIgniter\CodeIgniter->run()
#9 D:\Program File\xampp 2.0\htdocs\PROJECT-PEMWEB\proyek-web-horay-family\vendor\codeigniter4\framework\system\Commands\Server\rewrite.php(43): require_once('D:\\Program File...')
#10 {main}
CRITICAL - 2021-11-23 20:52:34 --> Undefined variable $lowongan
#0 D:\Program File\xampp 2.0\htdocs\PROJECT-PEMWEB\proyek-web-horay-family\app\Views\pages\lowongan.php(40): CodeIgniter\Debug\Exceptions->errorHandler(2, 'Undefined varia...', 'D:\\Program File...', 40)
#1 D:\Program File\xampp 2.0\htdocs\PROJECT-PEMWEB\proyek-web-horay-family\vendor\codeigniter4\framework\system\View\View.php(214): include('D:\\Program File...')
#2 D:\Program File\xampp 2.0\htdocs\PROJECT-PEMWEB\proyek-web-horay-family\vendor\codeigniter4\framework\system\View\View.php(217): CodeIgniter\View\View->CodeIgniter\View\{closure}()
#3 D:\Program File\xampp 2.0\htdocs\PROJECT-PEMWEB\proyek-web-horay-family\vendor\codeigniter4\framework\system\Common.php(1097): CodeIgniter\View\View->render('pages/lowongan', Array, true)
#4 D:\Program File\xampp 2.0\htdocs\PROJECT-PEMWEB\proyek-web-horay-family\app\Controllers\Page.php(23): view('pages/lowongan', Array)
#5 D:\Program File\xampp 2.0\htdocs\PROJECT-PEMWEB\proyek-web-horay-family\vendor\codeigniter4\framework\system\CodeIgniter.php(824): App\Controllers\Page->lowongan()
#6 D:\Program File\xampp 2.0\htdocs\PROJECT-PEMWEB\proyek-web-horay-family\vendor\codeigniter4\framework\system\CodeIgniter.php(410): CodeIgniter\CodeIgniter->runController(Object(App\Controllers\Page))
#7 D:\Program File\xampp 2.0\htdocs\PROJECT-PEMWEB\proyek-web-horay-family\vendor\codeigniter4\framework\system\CodeIgniter.php(318): CodeIgniter\CodeIgniter->handleRequest(NULL, Object(Config\Cache), false)
#8 D:\Program File\xampp 2.0\htdocs\PROJECT-PEMWEB\proyek-web-horay-family\public\index.php(37): CodeIgniter\CodeIgniter->run()
#9 D:\Program File\xampp 2.0\htdocs\PROJECT-PEMWEB\proyek-web-horay-family\vendor\codeigniter4\framework\system\Commands\Server\rewrite.php(43): require_once('D:\\Program File...')
#10 {main}
CRITICAL - 2021-11-23 20:54:00 --> Undefined variable $lowongan
#0 D:\Program File\xampp 2.0\htdocs\PROJECT-PEMWEB\proyek-web-horay-family\app\Views\pages\lowongan.php(40): CodeIgniter\Debug\Exceptions->errorHandler(2, 'Undefined varia...', 'D:\\Program File...', 40)
#1 D:\Program File\xampp 2.0\htdocs\PROJECT-PEMWEB\proyek-web-horay-family\vendor\codeigniter4\framework\system\View\View.php(214): include('D:\\Program File...')
#2 D:\Program File\xampp 2.0\htdocs\PROJECT-PEMWEB\proyek-web-horay-family\vendor\codeigniter4\framework\system\View\View.php(217): CodeIgniter\View\View->CodeIgniter\View\{closure}()
#3 D:\Program File\xampp 2.0\htdocs\PROJECT-PEMWEB\proyek-web-horay-family\vendor\codeigniter4\framework\system\Common.php(1097): CodeIgniter\View\View->render('pages/lowongan', Array, true)
#4 D:\Program File\xampp 2.0\htdocs\PROJECT-PEMWEB\proyek-web-horay-family\app\Controllers\Page.php(27): view('pages/lowongan', Array, Array)
#5 D:\Program File\xampp 2.0\htdocs\PROJECT-PEMWEB\proyek-web-horay-family\vendor\codeigniter4\framework\system\CodeIgniter.php(824): App\Controllers\Page->lowongan()
#6 D:\Program File\xampp 2.0\htdocs\PROJECT-PEMWEB\proyek-web-horay-family\vendor\codeigniter4\framework\system\CodeIgniter.php(410): CodeIgniter\CodeIgniter->runController(Object(App\Controllers\Page))
#7 D:\Program File\xampp 2.0\htdocs\PROJECT-PEMWEB\proyek-web-horay-family\vendor\codeigniter4\framework\system\CodeIgniter.php(318): CodeIgniter\CodeIgniter->handleRequest(NULL, Object(Config\Cache), false)
#8 D:\Program File\xampp 2.0\htdocs\PROJECT-PEMWEB\proyek-web-horay-family\public\index.php(37): CodeIgniter\CodeIgniter->run()
#9 D:\Program File\xampp 2.0\htdocs\PROJECT-PEMWEB\proyek-web-horay-family\vendor\codeigniter4\framework\system\Commands\Server\rewrite.php(43): require_once('D:\\Program File...')
#10 {main}
CRITICAL - 2021-11-23 20:54:20 --> Undefined variable $query
#0 D:\Program File\xampp 2.0\htdocs\PROJECT-PEMWEB\proyek-web-horay-family\app\Views\pages\lowongan.php(40): CodeIgniter\Debug\Exceptions->errorHandler(2, 'Undefined varia...', 'D:\\Program File...', 40)
#1 D:\Program File\xampp 2.0\htdocs\PROJECT-PEMWEB\proyek-web-horay-family\vendor\codeigniter4\framework\system\View\View.php(214): include('D:\\Program File...')
#2 D:\Program File\xampp 2.0\htdocs\PROJECT-PEMWEB\proyek-web-horay-family\vendor\codeigniter4\framework\system\View\View.php(217): CodeIgniter\View\View->CodeIgniter\View\{closure}()
#3 D:\Program File\xampp 2.0\htdocs\PROJECT-PEMWEB\proyek-web-horay-family\vendor\codeigniter4\framework\system\Common.php(1097): CodeIgniter\View\View->render('pages/lowongan', Array, true)
#4 D:\Program File\xampp 2.0\htdocs\PROJECT-PEMWEB\proyek-web-horay-family\app\Controllers\Page.php(27): view('pages/lowongan', Array, Array)
#5 D:\Program File\xampp 2.0\htdocs\PROJECT-PEMWEB\proyek-web-horay-family\vendor\codeigniter4\framework\system\CodeIgniter.php(824): App\Controllers\Page->lowongan()
#6 D:\Program File\xampp 2.0\htdocs\PROJECT-PEMWEB\proyek-web-horay-family\vendor\codeigniter4\framework\system\CodeIgniter.php(410): CodeIgniter\CodeIgniter->runController(Object(App\Controllers\Page))
#7 D:\Program File\xampp 2.0\htdocs\PROJECT-PEMWEB\proyek-web-horay-family\vendor\codeigniter4\framework\system\CodeIgniter.php(318): CodeIgniter\CodeIgniter->handleRequest(NULL, Object(Config\Cache), false)
#8 D:\Program File\xampp 2.0\htdocs\PROJECT-PEMWEB\proyek-web-horay-family\public\index.php(37): CodeIgniter\CodeIgniter->run()
#9 D:\Program File\xampp 2.0\htdocs\PROJECT-PEMWEB\proyek-web-horay-family\vendor\codeigniter4\framework\system\Commands\Server\rewrite.php(43): require_once('D:\\Program File...')
#10 {main}
CRITICAL - 2021-11-23 21:02:50 --> Class "App\LowonganModel" not found
#0 D:\Program File\xampp 2.0\htdocs\PROJECT-PEMWEB\proyek-web-horay-family\vendor\codeigniter4\framework\system\CodeIgniter.php(824): App\Controllers\Page->lowongan()
#1 D:\Program File\xampp 2.0\htdocs\PROJECT-PEMWEB\proyek-web-horay-family\vendor\codeigniter4\framework\system\CodeIgniter.php(410): CodeIgniter\CodeIgniter->runController(Object(App\Controllers\Page))
#2 D:\Program File\xampp 2.0\htdocs\PROJECT-PEMWEB\proyek-web-horay-family\vendor\codeigniter4\framework\system\CodeIgniter.php(318): CodeIgniter\CodeIgniter->handleRequest(NULL, Object(Config\Cache), false)
#3 D:\Program File\xampp 2.0\htdocs\PROJECT-PEMWEB\proyek-web-horay-family\public\index.php(37): CodeIgniter\CodeIgniter->run()
#4 D:\Program File\xampp 2.0\htdocs\PROJECT-PEMWEB\proyek-web-horay-family\vendor\codeigniter4\framework\system\Commands\Server\rewrite.php(43): require_once('D:\\Program File...')
#5 {main}
CRITICAL - 2021-11-23 21:03:41 --> Undefined variable $viewdata
#0 D:\Program File\xampp 2.0\htdocs\PROJECT-PEMWEB\proyek-web-horay-family\app\Views\pages\lowongan.php(40): CodeIgniter\Debug\Exceptions->errorHandler(2, 'Undefined varia...', 'D:\\Program File...', 40)
#1 D:\Program File\xampp 2.0\htdocs\PROJECT-PEMWEB\proyek-web-horay-family\vendor\codeigniter4\framework\system\View\View.php(214): include('D:\\Program File...')
#2 D:\Program File\xampp 2.0\htdocs\PROJECT-PEMWEB\proyek-web-horay-family\vendor\codeigniter4\framework\system\View\View.php(217): CodeIgniter\View\View->CodeIgniter\View\{closure}()
#3 D:\Program File\xampp 2.0\htdocs\PROJECT-PEMWEB\proyek-web-horay-family\vendor\codeigniter4\framework\system\Common.php(1097): CodeIgniter\View\View->render('pages/lowongan', Array, true)
#4 D:\Program File\xampp 2.0\htdocs\PROJECT-PEMWEB\proyek-web-horay-family\app\Controllers\Page.php(28): view('pages/lowongan', Array, Array)
#5 D:\Program File\xampp 2.0\htdocs\PROJECT-PEMWEB\proyek-web-horay-family\vendor\codeigniter4\framework\system\CodeIgniter.php(824): App\Controllers\Page->lowongan()
#6 D:\Program File\xampp 2.0\htdocs\PROJECT-PEMWEB\proyek-web-horay-family\vendor\codeigniter4\framework\system\CodeIgniter.php(410): CodeIgniter\CodeIgniter->runController(Object(App\Controllers\Page))
#7 D:\Program File\xampp 2.0\htdocs\PROJECT-PEMWEB\proyek-web-horay-family\vendor\codeigniter4\framework\system\CodeIgniter.php(318): CodeIgniter\CodeIgniter->handleRequest(NULL, Object(Config\Cache), false)
#8 D:\Program File\xampp 2.0\htdocs\PROJECT-PEMWEB\proyek-web-horay-family\public\index.php(37): CodeIgniter\CodeIgniter->run()
#9 D:\Program File\xampp 2.0\htdocs\PROJECT-PEMWEB\proyek-web-horay-family\vendor\codeigniter4\framework\system\Commands\Server\rewrite.php(43): require_once('D:\\Program File...')
#10 {main}
CRITICAL - 2021-11-23 21:05:15 --> Undefined variable $viewdata
#0 D:\Program File\xampp 2.0\htdocs\PROJECT-PEMWEB\proyek-web-horay-family\app\Views\pages\lowongan.php(40): CodeIgniter\Debug\Exceptions->errorHandler(2, 'Undefined varia...', 'D:\\Program File...', 40)
#1 D:\Program File\xampp 2.0\htdocs\PROJECT-PEMWEB\proyek-web-horay-family\vendor\codeigniter4\framework\system\View\View.php(214): include('D:\\Program File...')
#2 D:\Program File\xampp 2.0\htdocs\PROJECT-PEMWEB\proyek-web-horay-family\vendor\codeigniter4\framework\system\View\View.php(217): CodeIgniter\View\View->CodeIgniter\View\{closure}()
#3 D:\Program File\xampp 2.0\htdocs\PROJECT-PEMWEB\proyek-web-horay-family\vendor\codeigniter4\framework\system\Common.php(1097): CodeIgniter\View\View->render('pages/lowongan', Array, true)
#4 D:\Program File\xampp 2.0\htdocs\PROJECT-PEMWEB\proyek-web-horay-family\app\Controllers\Page.php(23): view('pages/lowongan', Array)
#5 D:\Program File\xampp 2.0\htdocs\PROJECT-PEMWEB\proyek-web-horay-family\vendor\codeigniter4\framework\system\CodeIgniter.php(824): App\Controllers\Page->lowongan()
#6 D:\Program File\xampp 2.0\htdocs\PROJECT-PEMWEB\proyek-web-horay-family\vendor\codeigniter4\framework\system\CodeIgniter.php(410): CodeIgniter\CodeIgniter->runController(Object(App\Controllers\Page))
#7 D:\Program File\xampp 2.0\htdocs\PROJECT-PEMWEB\proyek-web-horay-family\vendor\codeigniter4\framework\system\CodeIgniter.php(318): CodeIgniter\CodeIgniter->handleRequest(NULL, Object(Config\Cache), false)
#8 D:\Program File\xampp 2.0\htdocs\PROJECT-PEMWEB\proyek-web-horay-family\public\index.php(37): CodeIgniter\CodeIgniter->run()
#9 D:\Program File\xampp 2.0\htdocs\PROJECT-PEMWEB\proyek-web-horay-family\vendor\codeigniter4\framework\system\Commands\Server\rewrite.php(43): require_once('D:\\Program File...')
#10 {main}
CRITICAL - 2021-11-23 21:06:26 --> Undefined variable $viewdata
#0 D:\Program File\xampp 2.0\htdocs\PROJECT-PEMWEB\proyek-web-horay-family\app\Views\pages\lowongan.php(40): CodeIgniter\Debug\Exceptions->errorHandler(2, 'Undefined varia...', 'D:\\Program File...', 40)
#1 D:\Program File\xampp 2.0\htdocs\PROJECT-PEMWEB\proyek-web-horay-family\vendor\codeigniter4\framework\system\View\View.php(214): include('D:\\Program File...')
#2 D:\Program File\xampp 2.0\htdocs\PROJECT-PEMWEB\proyek-web-horay-family\vendor\codeigniter4\framework\system\View\View.php(217): CodeIgniter\View\View->CodeIgniter\View\{closure}()
#3 D:\Program File\xampp 2.0\htdocs\PROJECT-PEMWEB\proyek-web-horay-family\vendor\codeigniter4\framework\system\Common.php(1097): CodeIgniter\View\View->render('pages/lowongan', Array, true)
#4 D:\Program File\xampp 2.0\htdocs\PROJECT-PEMWEB\proyek-web-horay-family\app\Controllers\Page.php(23): view('pages/lowongan', Array)
#5 D:\Program File\xampp 2.0\htdocs\PROJECT-PEMWEB\proyek-web-horay-family\vendor\codeigniter4\framework\system\CodeIgniter.php(824): App\Controllers\Page->lowongan()
#6 D:\Program File\xampp 2.0\htdocs\PROJECT-PEMWEB\proyek-web-horay-family\vendor\codeigniter4\framework\system\CodeIgniter.php(410): CodeIgniter\CodeIgniter->runController(Object(App\Controllers\Page))
#7 D:\Program File\xampp 2.0\htdocs\PROJECT-PEMWEB\proyek-web-horay-family\vendor\codeigniter4\framework\system\CodeIgniter.php(318): CodeIgniter\CodeIgniter->handleRequest(NULL, Object(Config\Cache), false)
#8 D:\Program File\xampp 2.0\htdocs\PROJECT-PEMWEB\proyek-web-horay-family\public\index.php(37): CodeIgniter\CodeIgniter->run()
#9 D:\Program File\xampp 2.0\htdocs\PROJECT-PEMWEB\proyek-web-horay-family\vendor\codeigniter4\framework\system\Commands\Server\rewrite.php(43): require_once('D:\\Program File...')
#10 {main}
CRITICAL - 2021-11-23 21:08:22 --> Undefined variable $viewdata
#0 D:\Program File\xampp 2.0\htdocs\PROJECT-PEMWEB\proyek-web-horay-family\app\Views\pages\lowongan.php(40): CodeIgniter\Debug\Exceptions->errorHandler(2, 'Undefined varia...', 'D:\\Program File...', 40)
#1 D:\Program File\xampp 2.0\htdocs\PROJECT-PEMWEB\proyek-web-horay-family\vendor\codeigniter4\framework\system\View\View.php(214): include('D:\\Program File...')
#2 D:\Program File\xampp 2.0\htdocs\PROJECT-PEMWEB\proyek-web-horay-family\vendor\codeigniter4\framework\system\View\View.php(217): CodeIgniter\View\View->CodeIgniter\View\{closure}()
#3 D:\Program File\xampp 2.0\htdocs\PROJECT-PEMWEB\proyek-web-horay-family\vendor\codeigniter4\framework\system\Common.php(1097): CodeIgniter\View\View->render('pages/lowongan', Array, true)
#4 D:\Program File\xampp 2.0\htdocs\PROJECT-PEMWEB\proyek-web-horay-family\app\Controllers\Page.php(23): view('pages/lowongan', Array)
#5 D:\Program File\xampp 2.0\htdocs\PROJECT-PEMWEB\proyek-web-horay-family\vendor\codeigniter4\framework\system\CodeIgniter.php(824): App\Controllers\Page->lowongan()
#6 D:\Program File\xampp 2.0\htdocs\PROJECT-PEMWEB\proyek-web-horay-family\vendor\codeigniter4\framework\system\CodeIgniter.php(410): CodeIgniter\CodeIgniter->runController(Object(App\Controllers\Page))
#7 D:\Program File\xampp 2.0\htdocs\PROJECT-PEMWEB\proyek-web-horay-family\vendor\codeigniter4\framework\system\CodeIgniter.php(318): CodeIgniter\CodeIgniter->handleRequest(NULL, Object(Config\Cache), false)
#8 D:\Program File\xampp 2.0\htdocs\PROJECT-PEMWEB\proyek-web-horay-family\public\index.php(37): CodeIgniter\CodeIgniter->run()
#9 D:\Program File\xampp 2.0\htdocs\PROJECT-PEMWEB\proyek-web-horay-family\vendor\codeigniter4\framework\system\Commands\Server\rewrite.php(43): require_once('D:\\Program File...')
#10 {main}
CRITICAL - 2021-11-23 21:08:41 --> Undefined variable $viewdata
#0 D:\Program File\xampp 2.0\htdocs\PROJECT-PEMWEB\proyek-web-horay-family\app\Views\pages\lowongan.php(40): CodeIgniter\Debug\Exceptions->errorHandler(2, 'Undefined varia...', 'D:\\Program File...', 40)
#1 D:\Program File\xampp 2.0\htdocs\PROJECT-PEMWEB\proyek-web-horay-family\vendor\codeigniter4\framework\system\View\View.php(214): include('D:\\Program File...')
#2 D:\Program File\xampp 2.0\htdocs\PROJECT-PEMWEB\proyek-web-horay-family\vendor\codeigniter4\framework\system\View\View.php(217): CodeIgniter\View\View->CodeIgniter\View\{closure}()
#3 D:\Program File\xampp 2.0\htdocs\PROJECT-PEMWEB\proyek-web-horay-family\vendor\codeigniter4\framework\system\Common.php(1097): CodeIgniter\View\View->render('pages/lowongan', Array, true)
#4 D:\Program File\xampp 2.0\htdocs\PROJECT-PEMWEB\proyek-web-horay-family\app\Controllers\Page.php(23): view('pages/lowongan', Array)
#5 D:\Program File\xampp 2.0\htdocs\PROJECT-PEMWEB\proyek-web-horay-family\vendor\codeigniter4\framework\system\CodeIgniter.php(824): App\Controllers\Page->lowongan()
#6 D:\Program File\xampp 2.0\htdocs\PROJECT-PEMWEB\proyek-web-horay-family\vendor\codeigniter4\framework\system\CodeIgniter.php(410): CodeIgniter\CodeIgniter->runController(Object(App\Controllers\Page))
#7 D:\Program File\xampp 2.0\htdocs\PROJECT-PEMWEB\proyek-web-horay-family\vendor\codeigniter4\framework\system\CodeIgniter.php(318): CodeIgniter\CodeIgniter->handleRequest(NULL, Object(Config\Cache), false)
#8 D:\Program File\xampp 2.0\htdocs\PROJECT-PEMWEB\proyek-web-horay-family\public\index.php(37): CodeIgniter\CodeIgniter->run()
#9 D:\Program File\xampp 2.0\htdocs\PROJECT-PEMWEB\proyek-web-horay-family\vendor\codeigniter4\framework\system\Commands\Server\rewrite.php(43): require_once('D:\\Program File...')
#10 {main}
CRITICAL - 2021-11-23 21:09:47 --> Undefined variable $viewdata
#0 D:\Program File\xampp 2.0\htdocs\PROJECT-PEMWEB\proyek-web-horay-family\app\Views\pages\lowongan.php(40): CodeIgniter\Debug\Exceptions->errorHandler(2, 'Undefined varia...', 'D:\\Program File...', 40)
#1 D:\Program File\xampp 2.0\htdocs\PROJECT-PEMWEB\proyek-web-horay-family\vendor\codeigniter4\framework\system\View\View.php(214): include('D:\\Program File...')
#2 D:\Program File\xampp 2.0\htdocs\PROJECT-PEMWEB\proyek-web-horay-family\vendor\codeigniter4\framework\system\View\View.php(217): CodeIgniter\View\View->CodeIgniter\View\{closure}()
#3 D:\Program File\xampp 2.0\htdocs\PROJECT-PEMWEB\proyek-web-horay-family\vendor\codeigniter4\framework\system\Common.php(1097): CodeIgniter\View\View->render('pages/lowongan', Array, true)
#4 D:\Program File\xampp 2.0\htdocs\PROJECT-PEMWEB\proyek-web-horay-family\app\Controllers\Page.php(23): view('pages/lowongan', Array)
#5 D:\Program File\xampp 2.0\htdocs\PROJECT-PEMWEB\proyek-web-horay-family\vendor\codeigniter4\framework\system\CodeIgniter.php(824): App\Controllers\Page->lowongan()
#6 D:\Program File\xampp 2.0\htdocs\PROJECT-PEMWEB\proyek-web-horay-family\vendor\codeigniter4\framework\system\CodeIgniter.php(410): CodeIgniter\CodeIgniter->runController(Object(App\Controllers\Page))
#7 D:\Program File\xampp 2.0\htdocs\PROJECT-PEMWEB\proyek-web-horay-family\vendor\codeigniter4\framework\system\CodeIgniter.php(318): CodeIgniter\CodeIgniter->handleRequest(NULL, Object(Config\Cache), false)
#8 D:\Program File\xampp 2.0\htdocs\PROJECT-PEMWEB\proyek-web-horay-family\public\index.php(37): CodeIgniter\CodeIgniter->run()
#9 D:\Program File\xampp 2.0\htdocs\PROJECT-PEMWEB\proyek-web-horay-family\vendor\codeigniter4\framework\system\Commands\Server\rewrite.php(43): require_once('D:\\Program File...')
#10 {main}
CRITICAL - 2021-11-23 21:10:53 --> Undefined variable $viewdata
#0 D:\Program File\xampp 2.0\htdocs\PROJECT-PEMWEB\proyek-web-horay-family\app\Views\pages\lowongan.php(40): CodeIgniter\Debug\Exceptions->errorHandler(2, 'Undefined varia...', 'D:\\Program File...', 40)
#1 D:\Program File\xampp 2.0\htdocs\PROJECT-PEMWEB\proyek-web-horay-family\vendor\codeigniter4\framework\system\View\View.php(214): include('D:\\Program File...')
#2 D:\Program File\xampp 2.0\htdocs\PROJECT-PEMWEB\proyek-web-horay-family\vendor\codeigniter4\framework\system\View\View.php(217): CodeIgniter\View\View->CodeIgniter\View\{closure}()
#3 D:\Program File\xampp 2.0\htdocs\PROJECT-PEMWEB\proyek-web-horay-family\vendor\codeigniter4\framework\system\Common.php(1097): CodeIgniter\View\View->render('pages/lowongan', Array, true)
#4 D:\Program File\xampp 2.0\htdocs\PROJECT-PEMWEB\proyek-web-horay-family\app\Controllers\Page.php(23): view('pages/lowongan', Array)
#5 D:\Program File\xampp 2.0\htdocs\PROJECT-PEMWEB\proyek-web-horay-family\vendor\codeigniter4\framework\system\CodeIgniter.php(824): App\Controllers\Page->lowongan()
#6 D:\Program File\xampp 2.0\htdocs\PROJECT-PEMWEB\proyek-web-horay-family\vendor\codeigniter4\framework\system\CodeIgniter.php(410): CodeIgniter\CodeIgniter->runController(Object(App\Controllers\Page))
#7 D:\Program File\xampp 2.0\htdocs\PROJECT-PEMWEB\proyek-web-horay-family\vendor\codeigniter4\framework\system\CodeIgniter.php(318): CodeIgniter\CodeIgniter->handleRequest(NULL, Object(Config\Cache), false)
#8 D:\Program File\xampp 2.0\htdocs\PROJECT-PEMWEB\proyek-web-horay-family\public\index.php(37): CodeIgniter\CodeIgniter->run()
#9 D:\Program File\xampp 2.0\htdocs\PROJECT-PEMWEB\proyek-web-horay-family\vendor\codeigniter4\framework\system\Commands\Server\rewrite.php(43): require_once('D:\\Program File...')
#10 {main}
CRITICAL - 2021-11-23 21:14:53 --> Undefined variable $viewdata
#0 D:\Program File\xampp 2.0\htdocs\PROJECT-PEMWEB\proyek-web-horay-family\app\Views\pages\lowongan.php(40): CodeIgniter\Debug\Exceptions->errorHandler(2, 'Undefined varia...', 'D:\\Program File...', 40)
#1 D:\Program File\xampp 2.0\htdocs\PROJECT-PEMWEB\proyek-web-horay-family\vendor\codeigniter4\framework\system\View\View.php(214): include('D:\\Program File...')
#2 D:\Program File\xampp 2.0\htdocs\PROJECT-PEMWEB\proyek-web-horay-family\vendor\codeigniter4\framework\system\View\View.php(217): CodeIgniter\View\View->CodeIgniter\View\{closure}()
#3 D:\Program File\xampp 2.0\htdocs\PROJECT-PEMWEB\proyek-web-horay-family\vendor\codeigniter4\framework\system\Common.php(1097): CodeIgniter\View\View->render('pages/lowongan', Array, true)
#4 D:\Program File\xampp 2.0\htdocs\PROJECT-PEMWEB\proyek-web-horay-family\app\Controllers\Page.php(23): view('pages/lowongan', Array)
#5 D:\Program File\xampp 2.0\htdocs\PROJECT-PEMWEB\proyek-web-horay-family\vendor\codeigniter4\framework\system\CodeIgniter.php(824): App\Controllers\Page->lowongan()
#6 D:\Program File\xampp 2.0\htdocs\PROJECT-PEMWEB\proyek-web-horay-family\vendor\codeigniter4\framework\system\CodeIgniter.php(410): CodeIgniter\CodeIgniter->runController(Object(App\Controllers\Page))
#7 D:\Program File\xampp 2.0\htdocs\PROJECT-PEMWEB\proyek-web-horay-family\vendor\codeigniter4\framework\system\CodeIgniter.php(318): CodeIgniter\CodeIgniter->handleRequest(NULL, Object(Config\Cache), false)
#8 D:\Program File\xampp 2.0\htdocs\PROJECT-PEMWEB\proyek-web-horay-family\public\index.php(37): CodeIgniter\CodeIgniter->run()
#9 D:\Program File\xampp 2.0\htdocs\PROJECT-PEMWEB\proyek-web-horay-family\vendor\codeigniter4\framework\system\Commands\Server\rewrite.php(43): require_once('D:\\Program File...')
#10 {main}
CRITICAL - 2021-11-23 21:15:41 --> Undefined variable $viewdata
#0 D:\Program File\xampp 2.0\htdocs\PROJECT-PEMWEB\proyek-web-horay-family\app\Views\pages\lowongan.php(40): CodeIgniter\Debug\Exceptions->errorHandler(2, 'Undefined varia...', 'D:\\Program File...', 40)
#1 D:\Program File\xampp 2.0\htdocs\PROJECT-PEMWEB\proyek-web-horay-family\vendor\codeigniter4\framework\system\View\View.php(214): include('D:\\Program File...')
#2 D:\Program File\xampp 2.0\htdocs\PROJECT-PEMWEB\proyek-web-horay-family\vendor\codeigniter4\framework\system\View\View.php(217): CodeIgniter\View\View->CodeIgniter\View\{closure}()
#3 D:\Program File\xampp 2.0\htdocs\PROJECT-PEMWEB\proyek-web-horay-family\vendor\codeigniter4\framework\system\Common.php(1097): CodeIgniter\View\View->render('pages/lowongan', Array, true)
#4 D:\Program File\xampp 2.0\htdocs\PROJECT-PEMWEB\proyek-web-horay-family\app\Controllers\Page.php(23): view('pages/lowongan', Array)
#5 D:\Program File\xampp 2.0\htdocs\PROJECT-PEMWEB\proyek-web-horay-family\vendor\codeigniter4\framework\system\CodeIgniter.php(824): App\Controllers\Page->lowongan('view')
#6 D:\Program File\xampp 2.0\htdocs\PROJECT-PEMWEB\proyek-web-horay-family\vendor\codeigniter4\framework\system\CodeIgniter.php(410): CodeIgniter\CodeIgniter->runController(Object(App\Controllers\Page))
#7 D:\Program File\xampp 2.0\htdocs\PROJECT-PEMWEB\proyek-web-horay-family\vendor\codeigniter4\framework\system\CodeIgniter.php(318): CodeIgniter\CodeIgniter->handleRequest(NULL, Object(Config\Cache), false)
#8 D:\Program File\xampp 2.0\htdocs\PROJECT-PEMWEB\proyek-web-horay-family\public\index.php(37): CodeIgniter\CodeIgniter->run()
#9 D:\Program File\xampp 2.0\htdocs\PROJECT-PEMWEB\proyek-web-horay-family\vendor\codeigniter4\framework\system\Commands\Server\rewrite.php(43): require_once('D:\\Program File...')
#10 {main}
CRITICAL - 2021-11-23 21:15:45 --> Undefined variable $viewdata
#0 D:\Program File\xampp 2.0\htdocs\PROJECT-PEMWEB\proyek-web-horay-family\app\Views\pages\lowongan.php(40): CodeIgniter\Debug\Exceptions->errorHandler(2, 'Undefined varia...', 'D:\\Program File...', 40)
#1 D:\Program File\xampp 2.0\htdocs\PROJECT-PEMWEB\proyek-web-horay-family\vendor\codeigniter4\framework\system\View\View.php(214): include('D:\\Program File...')
#2 D:\Program File\xampp 2.0\htdocs\PROJECT-PEMWEB\proyek-web-horay-family\vendor\codeigniter4\framework\system\View\View.php(217): CodeIgniter\View\View->CodeIgniter\View\{closure}()
#3 D:\Program File\xampp 2.0\htdocs\PROJECT-PEMWEB\proyek-web-horay-family\vendor\codeigniter4\framework\system\Common.php(1097): CodeIgniter\View\View->render('pages/lowongan', Array, true)
#4 D:\Program File\xampp 2.0\htdocs\PROJECT-PEMWEB\proyek-web-horay-family\app\Controllers\Page.php(23): view('pages/lowongan', Array)
#5 D:\Program File\xampp 2.0\htdocs\PROJECT-PEMWEB\proyek-web-horay-family\vendor\codeigniter4\framework\system\CodeIgniter.php(824): App\Controllers\Page->lowongan('view')
#6 D:\Program File\xampp 2.0\htdocs\PROJECT-PEMWEB\proyek-web-horay-family\vendor\codeigniter4\framework\system\CodeIgniter.php(410): CodeIgniter\CodeIgniter->runController(Object(App\Controllers\Page))
#7 D:\Program File\xampp 2.0\htdocs\PROJECT-PEMWEB\proyek-web-horay-family\vendor\codeigniter4\framework\system\CodeIgniter.php(318): CodeIgniter\CodeIgniter->handleRequest(NULL, Object(Config\Cache), false)
#8 D:\Program File\xampp 2.0\htdocs\PROJECT-PEMWEB\proyek-web-horay-family\public\index.php(37): CodeIgniter\CodeIgniter->run()
#9 D:\Program File\xampp 2.0\htdocs\PROJECT-PEMWEB\proyek-web-horay-family\vendor\codeigniter4\framework\system\Commands\Server\rewrite.php(43): require_once('D:\\Program File...')
#10 {main}
CRITICAL - 2021-11-23 21:15:52 --> Undefined variable $viewdata
#0 D:\Program File\xampp 2.0\htdocs\PROJECT-PEMWEB\proyek-web-horay-family\app\Views\pages\lowongan.php(40): CodeIgniter\Debug\Exceptions->errorHandler(2, 'Undefined varia...', 'D:\\Program File...', 40)
#1 D:\Program File\xampp 2.0\htdocs\PROJECT-PEMWEB\proyek-web-horay-family\vendor\codeigniter4\framework\system\View\View.php(214): include('D:\\Program File...')
#2 D:\Program File\xampp 2.0\htdocs\PROJECT-PEMWEB\proyek-web-horay-family\vendor\codeigniter4\framework\system\View\View.php(217): CodeIgniter\View\View->CodeIgniter\View\{closure}()
#3 D:\Program File\xampp 2.0\htdocs\PROJECT-PEMWEB\proyek-web-horay-family\vendor\codeigniter4\framework\system\Common.php(1097): CodeIgniter\View\View->render('pages/lowongan', Array, true)
#4 D:\Program File\xampp 2.0\htdocs\PROJECT-PEMWEB\proyek-web-horay-family\app\Controllers\Page.php(23): view('pages/lowongan', Array)
#5 D:\Program File\xampp 2.0\htdocs\PROJECT-PEMWEB\proyek-web-horay-family\vendor\codeigniter4\framework\system\CodeIgniter.php(824): App\Controllers\Page->lowongan()
#6 D:\Program File\xampp 2.0\htdocs\PROJECT-PEMWEB\proyek-web-horay-family\vendor\codeigniter4\framework\system\CodeIgniter.php(410): CodeIgniter\CodeIgniter->runController(Object(App\Controllers\Page))
#7 D:\Program File\xampp 2.0\htdocs\PROJECT-PEMWEB\proyek-web-horay-family\vendor\codeigniter4\framework\system\CodeIgniter.php(318): CodeIgniter\CodeIgniter->handleRequest(NULL, Object(Config\Cache), false)
#8 D:\Program File\xampp 2.0\htdocs\PROJECT-PEMWEB\proyek-web-horay-family\public\index.php(37): CodeIgniter\CodeIgniter->run()
#9 D:\Program File\xampp 2.0\htdocs\PROJECT-PEMWEB\proyek-web-horay-family\vendor\codeigniter4\framework\system\Commands\Server\rewrite.php(43): require_once('D:\\Program File...')
#10 {main}
